2025-02-12 04:24:07,889 INFO  [org.jboss.modules] (main) JBoss Modules version 2.1.6.Final
2025-02-12 04:24:08,212 INFO  [org.jboss.msc] (main) JBoss MSC version 1.5.5.Final
2025-02-12 04:24:08,214 INFO  [org.jboss.threads] (main) JBoss Threads version 2.4.0.Final
2025-02-12 04:24:08,250 INFO  [org.jboss.as] (MSC service thread 1-1) WFLYSRV0049: WildFly 35.0.1.Final (WildFly Core 27.0.1.Final) starting
2025-02-12 04:24:08,250 DEBUG [org.jboss.as.config] (MSC service thread 1-1) Configured system properties:
	[Standalone] = 
	apple.awt.application.name = Main
	file.encoding = UTF-8
	file.separator = /
	ftp.nonProxyHosts = local|*.local|169.254/16|*.169.254/16
	http.nonProxyHosts = local|*.local|169.254/16|*.169.254/16
	java.awt.headless = true
	java.class.path = /Users/abhibhavrajsingh/IdeaProjects/CalorieCalculator/wildfly-35.0.1.Final/jboss-modules.jar
	java.class.version = 67.0
	java.home = /Users/abhibhavrajsingh/Library/Java/JavaVirtualMachines/openjdk-23.0.1/Contents/Home
	java.io.tmpdir = /var/folders/93/5kt7bnw937j9xjpmkflvs5n40000gn/T/
	java.library.path = /Users/abhibhavrajsingh/Library/Java/Extensions:/Library/Java/Extensions:/Network/Library/Java/Extensions:/System/Library/Java/Extensions:/usr/lib/java:.
	java.net.preferIPv4Stack = true
	java.runtime.name = OpenJDK Runtime Environment
	java.runtime.version = 23.0.1+11-39
	java.security.manager = allow
	java.specification.name = Java Platform API Specification
	java.specification.vendor = Oracle Corporation
	java.specification.version = 23
	java.util.logging.manager = org.jboss.logmanager.LogManager
	java.vendor = Oracle Corporation
	java.vendor.url = https://java.oracle.com/
	java.vendor.url.bug = https://bugreport.java.com/bugreport/
	java.version = 23.0.1
	java.version.date = 2024-10-15
	java.vm.compressedOopsMode = Zero based
	java.vm.info = mixed mode, sharing
	java.vm.name = OpenJDK 64-Bit Server VM
	java.vm.specification.name = Java Virtual Machine Specification
	java.vm.specification.vendor = Oracle Corporation
	java.vm.specification.version = 23
	java.vm.vendor = Oracle Corporation
	java.vm.version = 23.0.1+11-39
	javax.management.builder.initial = org.jboss.as.jmx.PluggableMBeanServerBuilder
	jboss.home.dir = /Users/abhibhavrajsingh/IdeaProjects/CalorieCalculator/wildfly-35.0.1.Final
	jboss.host.name = abhibhavs-mac-mini
	jboss.modules.system.pkgs = org.jboss.byteman
	jboss.node.name = abhibhavs-mac-mini
	jboss.qualified.host.name = abhibhavs-mac-mini.local
	jboss.server.base.dir = /Users/abhibhavrajsingh/IdeaProjects/CalorieCalculator/wildfly-35.0.1.Final/standalone
	jboss.server.config.dir = /Users/abhibhavrajsingh/IdeaProjects/CalorieCalculator/wildfly-35.0.1.Final/standalone/configuration
	jboss.server.data.dir = /Users/abhibhavrajsingh/IdeaProjects/CalorieCalculator/wildfly-35.0.1.Final/standalone/data
	jboss.server.log.dir = /Users/abhibhavrajsingh/IdeaProjects/CalorieCalculator/wildfly-35.0.1.Final/standalone/log
	jboss.server.name = abhibhavs-mac-mini
	jboss.server.persist.config = true
	jboss.server.temp.dir = /Users/abhibhavrajsingh/IdeaProjects/CalorieCalculator/wildfly-35.0.1.Final/standalone/tmp
	jdk.debug = release
	jdk.serialFilter = maxbytes=10485760;maxdepth=128;maxarray=100000;maxrefs=300000
	line.separator = 

	logging.configuration = file:/Users/abhibhavrajsingh/IdeaProjects/CalorieCalculator/wildfly-35.0.1.Final/standalone/configuration/logging.properties
	module.path = /Users/abhibhavrajsingh/IdeaProjects/CalorieCalculator/wildfly-35.0.1.Final/modules
	native.encoding = UTF-8
	org.jboss.boot.log.file = /Users/abhibhavrajsingh/IdeaProjects/CalorieCalculator/wildfly-35.0.1.Final/standalone/log/server.log
	org.jboss.resolver.warning = true
	os.arch = aarch64
	os.name = Mac OS X
	os.version = 15.3
	path.separator = :
	socksNonProxyHosts = local|*.local|169.254/16|*.169.254/16
	stderr.encoding = UTF-8
	stdout.encoding = UTF-8
	sun.arch.data.model = 64
	sun.boot.library.path = /Users/abhibhavrajsingh/Library/Java/JavaVirtualMachines/openjdk-23.0.1/Contents/Home/lib
	sun.cpu.endian = little
	sun.io.unicode.encoding = UnicodeBig
	sun.java.command = /Users/abhibhavrajsingh/IdeaProjects/CalorieCalculator/wildfly-35.0.1.Final/jboss-modules.jar -mp /Users/abhibhavrajsingh/IdeaProjects/CalorieCalculator/wildfly-35.0.1.Final/modules org.jboss.as.standalone -Djboss.home.dir=/Users/abhibhavrajsingh/IdeaProjects/CalorieCalculator/wildfly-35.0.1.Final -Djboss.server.base.dir=/Users/abhibhavrajsingh/IdeaProjects/CalorieCalculator/wildfly-35.0.1.Final/standalone
	sun.java.launcher = SUN_STANDARD
	sun.jnu.encoding = UTF-8
	sun.management.compiler = HotSpot 64-Bit Tiered Compilers
	user.country = US
	user.dir = /Users/abhibhavrajsingh/IdeaProjects/CalorieCalculator/wildfly-35.0.1.Final/bin
	user.home = /Users/abhibhavrajsingh
	user.language = en
	user.name = abhibhavrajsingh
	user.timezone = Asia/Kolkata
2025-02-12 04:24:08,251 DEBUG [org.jboss.as.config] (MSC service thread 1-1) VM Arguments: -D[Standalone] -Djdk.serialFilter=maxbytes=10485760;maxdepth=128;maxarray=100000;maxrefs=300000 -Xms64m -Xmx512m -Djava.net.preferIPv4Stack=true -Djboss.modules.system.pkgs=org.jboss.byteman -Djava.awt.headless=true --add-exports=java.desktop/sun.awt=ALL-UNNAMED --add-exports=java.naming/com.sun.jndi.ldap=ALL-UNNAMED --add-exports=java.naming/com.sun.jndi.url.ldap=ALL-UNNAMED --add-exports=java.naming/com.sun.jndi.url.ldaps=ALL-UNNAMED --add-exports=jdk.naming.dns/com.sun.jndi.dns=ALL-UNNAMED --add-opens=java.base/java.lang=ALL-UNNAMED --add-opens=java.base/java.lang.invoke=ALL-UNNAMED --add-opens=java.base/java.lang.reflect=ALL-UNNAMED --add-opens=java.base/java.io=ALL-UNNAMED --add-opens=java.base/java.net=ALL-UNNAMED --add-opens=java.base/java.security=ALL-UNNAMED --add-opens=java.base/java.util=ALL-UNNAMED --add-opens=java.base/java.util.concurrent=ALL-UNNAMED --add-opens=java.management/javax.management=ALL-UNNAMED --add-opens=java.naming/javax.naming=ALL-UNNAMED -Djava.security.manager=allow -Dorg.jboss.boot.log.file=/Users/abhibhavrajsingh/IdeaProjects/CalorieCalculator/wildfly-35.0.1.Final/standalone/log/server.log -Dlogging.configuration=file:/Users/abhibhavrajsingh/IdeaProjects/CalorieCalculator/wildfly-35.0.1.Final/standalone/configuration/logging.properties 
2025-02-12 04:24:08,493 INFO  [org.wildfly.security] (Controller Boot Thread) ELY00001: WildFly Elytron version 2.6.0.Final
2025-02-12 04:24:08,657 INFO  [org.jboss.as.server] (Controller Boot Thread) WFLYSRV0039: Creating http management service using socket-binding (management-http)
2025-02-12 04:24:08,661 INFO  [org.xnio] (MSC service thread 1-3) XNIO version 3.8.16.Final
2025-02-12 04:24:08,663 INFO  [org.xnio.nio] (MSC service thread 1-3) XNIO NIO Implementation Version 3.8.16.Final
2025-02-12 04:24:08,671 INFO  [org.wildfly.extension.elytron.oidc._private] (ServerService Thread Pool -- 53) WFLYOIDC0001: Activating WildFly Elytron OIDC Subsystem
2025-02-12 04:24:08,671 INFO  [org.wildfly.extension.health] (ServerService Thread Pool -- 54) WFLYHEALTH0001: Activating Base Health Subsystem
2025-02-12 04:24:08,677 INFO  [org.jboss.as.clustering.infinispan] (ServerService Thread Pool -- 55) WFLYCLINF0001: Activating Infinispan subsystem.
2025-02-12 04:24:08,677 INFO  [org.wildfly.extension.microprofile.jwt.smallrye] (ServerService Thread Pool -- 66) WFLYJWT0001: Activating MicroProfile JWT Subsystem
2025-02-12 04:24:08,678 INFO  [org.wildfly.extension.microprofile.config.smallrye] (ServerService Thread Pool -- 65) WFLYCONF0001: Activating MicroProfile Config Subsystem
2025-02-12 04:24:08,679 INFO  [org.wildfly.extension.io] (ServerService Thread Pool -- 56) WFLYIO001: Worker 'default' has auto-configured to 20 IO threads with 160 max task threads based on your 10 available processors
2025-02-12 04:24:08,680 INFO  [org.wildfly.extension.metrics] (ServerService Thread Pool -- 64) WFLYMETRICS0001: Activating Base Metrics Subsystem
2025-02-12 04:24:08,680 INFO  [org.jboss.as.jsf] (ServerService Thread Pool -- 62) WFLYJSF0007: Activated the following Jakarta Server Faces Implementations: [main]
2025-02-12 04:24:08,681 INFO  [org.jboss.as.naming] (ServerService Thread Pool -- 67) WFLYNAM0001: Activating Naming Subsystem
2025-02-12 04:24:08,684 WARN  [org.jboss.as.txn] (ServerService Thread Pool -- 74) WFLYTX0013: The node-identifier attribute on the /subsystem=transactions is set to the default value. This is a danger for environments running multiple servers. Please make sure the attribute value is unique.
2025-02-12 04:24:08,686 INFO  [org.jboss.as.jaxrs] (ServerService Thread Pool -- 57) WFLYRS0016: RESTEasy version 6.2.11.Final
2025-02-12 04:24:08,688 INFO  [org.jboss.as.connector] (MSC service thread 1-1) WFLYJCA0009: Starting Jakarta Connectors Subsystem (WildFly/IronJacamar 3.0.10.Final)
2025-02-12 04:24:08,690 INFO  [org.jboss.as.webservices] (ServerService Thread Pool -- 76) WFLYWS0002: Activating WebServices Extension
2025-02-12 04:24:08,703 INFO  [org.jboss.remoting] (MSC service thread 1-3) JBoss Remoting version 5.0.30.Final
2025-02-12 04:24:08,708 INFO  [org.jboss.as.naming] (MSC service thread 1-5) WFLYNAM0003: Starting Naming Service
2025-02-12 04:24:08,709 INFO  [org.jboss.as.mail.extension] (MSC service thread 1-5) WFLYMAIL0001: Bound mail session [java:jboss/mail/Default]
2025-02-12 04:24:08,709 INFO  [org.jboss.as.connector.subsystems.datasources] (ServerService Thread Pool -- 44) WFLYJCA0004: Deploying JDBC-compliant driver class org.h2.Driver (version 2.2)
2025-02-12 04:24:08,711 INFO  [org.jboss.as.connector.deployers.jdbc] (MSC service thread 1-2) WFLYJCA0018: Started Driver service with driver-name = h2
2025-02-12 04:24:08,716 INFO  [org.wildfly.extension.undertow] (MSC service thread 1-1) WFLYUT0003: Undertow 2.3.18.Final starting
2025-02-12 04:24:08,722 WARN  [org.wildfly.extension.elytron] (MSC service thread 1-4) WFLYELY00023: KeyStore file '/Users/abhibhavrajsingh/IdeaProjects/CalorieCalculator/wildfly-35.0.1.Final/standalone/configuration/application.keystore' does not exist. Used blank.
2025-02-12 04:24:08,734 WARN  [org.wildfly.extension.elytron] (MSC service thread 1-7) WFLYELY01084: KeyStore /Users/abhibhavrajsingh/IdeaProjects/CalorieCalculator/wildfly-35.0.1.Final/standalone/configuration/application.keystore not found, it will be auto-generated on first use with a self-signed certificate for host localhost
2025-02-12 04:24:08,750 INFO  [org.jboss.as.ejb3] (MSC service thread 1-6) WFLYEJB0481: Strict pool slsb-strict-max-pool is using a max instance size of 160 (per class), which is derived from thread worker pool sizing.
2025-02-12 04:24:08,750 INFO  [org.jboss.as.ejb3] (MSC service thread 1-1) WFLYEJB0482: Strict pool mdb-strict-max-pool is using a max instance size of 40 (per class), which is derived from the number of CPUs on this host.
2025-02-12 04:24:08,754 INFO  [org.wildfly.extension.undertow] (ServerService Thread Pool -- 75) WFLYUT0014: Creating file handler for path '/Users/abhibhavrajsingh/IdeaProjects/CalorieCalculator/wildfly-35.0.1.Final/welcome-content' with options [directory-listing: 'false', follow-symlink: 'false', case-sensitive: 'true', safe-symlink-paths: '[]']
2025-02-12 04:24:08,762 INFO  [org.wildfly.extension.undertow] (MSC service thread 1-2) WFLYUT0012: Started server default-server.
2025-02-12 04:24:08,763 INFO  [org.wildfly.extension.undertow] (MSC service thread 1-8) Queuing requests.
2025-02-12 04:24:08,764 INFO  [org.wildfly.extension.undertow] (MSC service thread 1-8) WFLYUT0018: Host default-host starting
2025-02-12 04:24:08,817 INFO  [org.wildfly.extension.undertow] (MSC service thread 1-5) WFLYUT0006: Undertow HTTP listener default listening on 127.0.0.1:8080
2025-02-12 04:24:08,836 INFO  [org.jboss.as.server.deployment.scanner] (MSC service thread 1-2) WFLYDS0013: Started FileSystemDeploymentService for directory /Users/abhibhavrajsingh/IdeaProjects/CalorieCalculator/wildfly-35.0.1.Final/standalone/deployments
2025-02-12 04:24:08,845 INFO  [org.wildfly.extension.undertow] (MSC service thread 1-7) WFLYUT0006: Undertow HTTPS listener https listening on 127.0.0.1:8443
2025-02-12 04:24:08,850 INFO  [org.jboss.as.ejb3] (MSC service thread 1-5) WFLYEJB0493: Jakarta Enterprise Beans subsystem suspension complete
2025-02-12 04:24:08,871 INFO  [org.jboss.as.connector.subsystems.datasources] (MSC service thread 1-8) WFLYJCA0001: Bound data source [java:jboss/datasources/ExampleDS]
2025-02-12 04:24:08,875 INFO  [org.jboss.ws.common.management] (MSC service thread 1-6) JBWS022052: Starting JBossWS 7.3.1.Final (Apache CXF 4.0.6) 
2025-02-12 04:24:08,976 INFO  [org.jboss.as.server] (Controller Boot Thread) WFLYSRV0212: Resuming server
2025-02-12 04:24:08,983 INFO  [org.jboss.as] (Controller Boot Thread) WFLYSRV0060: Http management interface listening on http://127.0.0.1:9990/management
2025-02-12 04:24:08,983 INFO  [org.jboss.as] (Controller Boot Thread) WFLYSRV0051: Admin console listening on http://127.0.0.1:9990
2025-02-12 04:24:08,983 INFO  [org.jboss.as] (Controller Boot Thread) WFLYSRV0025: WildFly 35.0.1.Final (WildFly Core 27.0.1.Final) started in 1310ms - Started 326 of 541 services (323 services are lazy, passive or on-demand) - Server configuration file in use: standalone.xml - Minimum feature stability level: community
2025-02-12 04:24:09,835 INFO  [org.jboss.as.server.deployment] (MSC service thread 1-8) WFLYSRV0027: Starting deployment of "CalorieCalculator-1.0-SNAPSHOT" (runtime-name: "CalorieCalculator-1.0-SNAPSHOT.war")
2025-02-12 04:24:11,188 INFO  [org.jboss.as.jpa] (MSC service thread 1-8) WFLYJPA0002: Read persistence.xml for default
2025-02-12 04:24:11,272 INFO  [org.jipijapa] (MSC service thread 1-6) JIPIORMV6020260: Second level cache enabled for CalorieCalculator-1.0-SNAPSHOT#default
2025-02-12 04:24:11,309 INFO  [org.jboss.weld.deployer] (MSC service thread 1-2) WFLYWELD0003: Processing weld deployment CalorieCalculator-1.0-SNAPSHOT.war
2025-02-12 04:24:11,403 INFO  [org.hibernate.validator.internal.util.Version] (MSC service thread 1-2) HV000001: Hibernate Validator 8.0.2.Final
2025-02-12 04:24:11,446 INFO  [org.infinispan.CONTAINER] (ServerService Thread Pool -- 15) ISPN000556: Starting user marshaller 'org.wildfly.clustering.cache.infinispan.marshalling.UserMarshaller'
2025-02-12 04:24:11,509 INFO  [org.jipijapa] (MSC service thread 1-3) JIPIORMV6020260: Second level cache enabled for CalorieCalculator-1.0-SNAPSHOT#default
2025-02-12 04:24:11,520 WARN  [org.jboss.as.jaxrs] (MSC service thread 1-3) WFLYRS0018: Explicit usage of Jackson annotation in a Jakarta RESTful Web Services deployment; the system will disable Jakarta JSON Binding processing for the current deployment. Consider setting the 'resteasy.preferJacksonOverJsonB' property to 'false' to restore Jakarta JSON Binding.
2025-02-12 04:24:11,522 INFO  [org.jboss.as.connector.deployers.jdbc] (MSC service thread 1-3) WFLYJCA0005: Deploying non-JDBC-compliant driver class com.mysql.cj.jdbc.Driver (version 8.0)
2025-02-12 04:24:11,532 INFO  [org.jboss.weld.Version] (MSC service thread 1-3) WELD-000900: 5.1.4 (Final)
2025-02-12 04:24:11,552 INFO  [org.jboss.as.connector.deployers.jdbc] (MSC service thread 1-2) WFLYJCA0018: Started Driver service with driver-name = CalorieCalculator-1.0-SNAPSHOT.war_com.mysql.cj.jdbc.Driver_8_0
2025-02-12 04:24:11,581 INFO  [org.jboss.as.clustering.infinispan] (ServerService Thread Pool -- 15) Started hibernate cache container
2025-02-12 04:24:11,584 INFO  [org.jboss.as.jpa] (ServerService Thread Pool -- 15) WFLYJPA0010: Starting Persistence Unit (phase 1 of 2) Service 'CalorieCalculator-1.0-SNAPSHOT#default'
2025-02-12 04:24:11,591 INFO  [org.hibernate.jpa.internal.util.LogHelper] (ServerService Thread Pool -- 15) HHH000204: Processing PersistenceUnitInfo [name: default]
2025-02-12 04:24:11,619 INFO  [org.hibernate.Version] (ServerService Thread Pool -- 15) HHH000412: Hibernate ORM core version 6.6.3.Final
2025-02-12 04:24:11,737 INFO  [org.hibernate.orm.connections.pooling] (ServerService Thread Pool -- 15) HHH10001005: Database info:
	Database JDBC URL [Connecting through datasource 'org.jboss.as.connector.subsystems.datasources.WildFlyDataSource@28be9ee1']
	Database driver: undefined/unknown
	Database version: 2.2.224
	Autocommit mode: undefined/unknown
	Isolation level: undefined/unknown
	Minimum pool size: undefined/unknown
	Maximum pool size: undefined/unknown
2025-02-12 04:24:11,739 INFO  [org.hibernate.cache.internal.RegionFactoryInitiator] (ServerService Thread Pool -- 15) HHH000025: Second-level cache region factory [org.infinispan.hibernate.cache.v62.InfinispanRegionFactory]
2025-02-12 04:24:11,765 INFO  [org.hibernate.envers.boot.internal.EnversServiceImpl] (ServerService Thread Pool -- 15) Envers integration enabled? : true
2025-02-12 04:24:11,854 INFO  [org.jboss.as.jpa] (ServerService Thread Pool -- 15) WFLYJPA0010: Starting Persistence Unit (phase 2 of 2) Service 'CalorieCalculator-1.0-SNAPSHOT#default'
2025-02-12 04:24:12,257 INFO  [org.wildfly.extension.undertow] (ServerService Thread Pool -- 14) WFLYUT0021: Registered web context: '/CalorieCalculator-1.0-SNAPSHOT' for server 'default-server'
2025-02-12 04:24:12,267 INFO  [org.jboss.as.server] (management-handler-thread - 1) WFLYSRV0010: Deployed "CalorieCalculator-1.0-SNAPSHOT" (runtime-name : "CalorieCalculator-1.0-SNAPSHOT.war")
2025-02-12 04:24:43,932 WARN  [org.jboss.as.server.deployment.scanner] (DeploymentScanner-threads - 1) WFLYDS0037: /Users/abhibhavrajsingh/IdeaProjects/CalorieCalculator/wildfly-35.0.1.Final/standalone/deployments does not exist
2025-02-12 04:24:43,942 WARN  [org.jboss.as.server.deployment.scanner] (DeploymentScanner-threads - 1) WFLYDS0043: Deployment directory scan failed due to inaccessible deployment directory: /Users/abhibhavrajsingh/IdeaProjects/CalorieCalculator/wildfly-35.0.1.Final/standalone/deployments
2025-02-12 04:29:08,362 INFO  [org.jboss.as.repository] (ServerService Thread Pool -- 80) WFLYDR0011: Couldn't list directory files for /Users/abhibhavrajsingh/IdeaProjects/CalorieCalculator/wildfly-35.0.1.Final/standalone/data/content
2025-02-12 04:34:08,376 INFO  [org.jboss.as.repository] (ServerService Thread Pool -- 79) WFLYDR0011: Couldn't list directory files for /Users/abhibhavrajsingh/IdeaProjects/CalorieCalculator/wildfly-35.0.1.Final/standalone/data/content
2025-02-12 04:39:08,388 INFO  [org.jboss.as.repository] (ServerService Thread Pool -- 41) WFLYDR0011: Couldn't list directory files for /Users/abhibhavrajsingh/IdeaProjects/CalorieCalculator/wildfly-35.0.1.Final/standalone/data/content
2025-02-12 04:44:08,401 INFO  [org.jboss.as.repository] (ServerService Thread Pool -- 41) WFLYDR0011: Couldn't list directory files for /Users/abhibhavrajsingh/IdeaProjects/CalorieCalculator/wildfly-35.0.1.Final/standalone/data/content
2025-02-12 04:49:08,421 INFO  [org.jboss.as.repository] (ServerService Thread Pool -- 41) WFLYDR0011: Couldn't list directory files for /Users/abhibhavrajsingh/IdeaProjects/CalorieCalculator/wildfly-35.0.1.Final/standalone/data/content
2025-02-12 04:54:08,437 INFO  [org.jboss.as.repository] (ServerService Thread Pool -- 80) WFLYDR0011: Couldn't list directory files for /Users/abhibhavrajsingh/IdeaProjects/CalorieCalculator/wildfly-35.0.1.Final/standalone/data/content
2025-02-12 04:59:08,457 INFO  [org.jboss.as.repository] (ServerService Thread Pool -- 1) WFLYDR0011: Couldn't list directory files for /Users/abhibhavrajsingh/IdeaProjects/CalorieCalculator/wildfly-35.0.1.Final/standalone/data/content
2025-02-12 05:04:08,477 INFO  [org.jboss.as.repository] (ServerService Thread Pool -- 41) WFLYDR0011: Couldn't list directory files for /Users/abhibhavrajsingh/IdeaProjects/CalorieCalculator/wildfly-35.0.1.Final/standalone/data/content
2025-02-12 05:09:08,487 INFO  [org.jboss.as.repository] (ServerService Thread Pool -- 79) WFLYDR0011: Couldn't list directory files for /Users/abhibhavrajsingh/IdeaProjects/CalorieCalculator/wildfly-35.0.1.Final/standalone/data/content
2025-02-12 05:14:08,506 INFO  [org.jboss.as.repository] (ServerService Thread Pool -- 1) WFLYDR0011: Couldn't list directory files for /Users/abhibhavrajsingh/IdeaProjects/CalorieCalculator/wildfly-35.0.1.Final/standalone/data/content
2025-02-12 05:19:08,524 INFO  [org.jboss.as.repository] (ServerService Thread Pool -- 79) WFLYDR0011: Couldn't list directory files for /Users/abhibhavrajsingh/IdeaProjects/CalorieCalculator/wildfly-35.0.1.Final/standalone/data/content
2025-02-12 05:24:08,547 INFO  [org.jboss.as.repository] (ServerService Thread Pool -- 80) WFLYDR0011: Couldn't list directory files for /Users/abhibhavrajsingh/IdeaProjects/CalorieCalculator/wildfly-35.0.1.Final/standalone/data/content
2025-02-12 05:29:08,560 INFO  [org.jboss.as.repository] (ServerService Thread Pool -- 41) WFLYDR0011: Couldn't list directory files for /Users/abhibhavrajsingh/IdeaProjects/CalorieCalculator/wildfly-35.0.1.Final/standalone/data/content
2025-02-12 05:34:08,571 INFO  [org.jboss.as.repository] (ServerService Thread Pool -- 79) WFLYDR0011: Couldn't list directory files for /Users/abhibhavrajsingh/IdeaProjects/CalorieCalculator/wildfly-35.0.1.Final/standalone/data/content
2025-02-12 05:39:08,586 INFO  [org.jboss.as.repository] (ServerService Thread Pool -- 41) WFLYDR0011: Couldn't list directory files for /Users/abhibhavrajsingh/IdeaProjects/CalorieCalculator/wildfly-35.0.1.Final/standalone/data/content
2025-02-12 05:44:08,605 INFO  [org.jboss.as.repository] (ServerService Thread Pool -- 79) WFLYDR0011: Couldn't list directory files for /Users/abhibhavrajsingh/IdeaProjects/CalorieCalculator/wildfly-35.0.1.Final/standalone/data/content
2025-02-12 05:49:08,619 INFO  [org.jboss.as.repository] (ServerService Thread Pool -- 1) WFLYDR0011: Couldn't list directory files for /Users/abhibhavrajsingh/IdeaProjects/CalorieCalculator/wildfly-35.0.1.Final/standalone/data/content
2025-02-12 05:54:08,642 INFO  [org.jboss.as.repository] (ServerService Thread Pool -- 1) WFLYDR0011: Couldn't list directory files for /Users/abhibhavrajsingh/IdeaProjects/CalorieCalculator/wildfly-35.0.1.Final/standalone/data/content
2025-02-12 05:59:08,676 INFO  [org.jboss.as.repository] (ServerService Thread Pool -- 41) WFLYDR0011: Couldn't list directory files for /Users/abhibhavrajsingh/IdeaProjects/CalorieCalculator/wildfly-35.0.1.Final/standalone/data/content
2025-02-12 06:04:08,691 INFO  [org.jboss.as.repository] (ServerService Thread Pool -- 80) WFLYDR0011: Couldn't list directory files for /Users/abhibhavrajsingh/IdeaProjects/CalorieCalculator/wildfly-35.0.1.Final/standalone/data/content
2025-02-12 06:09:08,712 INFO  [org.jboss.as.repository] (ServerService Thread Pool -- 80) WFLYDR0011: Couldn't list directory files for /Users/abhibhavrajsingh/IdeaProjects/CalorieCalculator/wildfly-35.0.1.Final/standalone/data/content
2025-02-12 06:14:08,729 INFO  [org.jboss.as.repository] (ServerService Thread Pool -- 41) WFLYDR0011: Couldn't list directory files for /Users/abhibhavrajsingh/IdeaProjects/CalorieCalculator/wildfly-35.0.1.Final/standalone/data/content
2025-02-12 06:19:08,749 INFO  [org.jboss.as.repository] (ServerService Thread Pool -- 1) WFLYDR0011: Couldn't list directory files for /Users/abhibhavrajsingh/IdeaProjects/CalorieCalculator/wildfly-35.0.1.Final/standalone/data/content
2025-02-12 06:24:08,760 INFO  [org.jboss.as.repository] (ServerService Thread Pool -- 41) WFLYDR0011: Couldn't list directory files for /Users/abhibhavrajsingh/IdeaProjects/CalorieCalculator/wildfly-35.0.1.Final/standalone/data/content
2025-02-12 06:24:10,234 ERROR [io.undertow.request] (default task-2) UT005023: Exception handling request to /CalorieCalculator-1.0-SNAPSHOT/login.jsp: org.apache.jasper.JasperException: java.lang.ClassNotFoundException: org.apache.jsp.login_jsp
	at io.undertow.jsp@2.2.8.Final//org.apache.jasper.servlet.JspServletWrapper.getServlet(JspServletWrapper.java:171)
	at io.undertow.jsp@2.2.8.Final//org.apache.jasper.servlet.JspServletWrapper.service(JspServletWrapper.java:369)
	at io.undertow.jsp@2.2.8.Final//org.apache.jasper.servlet.JspServlet.serviceJspFile(JspServlet.java:403)
	at io.undertow.jsp@2.2.8.Final//org.apache.jasper.servlet.JspServlet.service(JspServlet.java:347)
	at jakarta.servlet.api@6.0.0//jakarta.servlet.http.HttpServlet.service(HttpServlet.java:614)
	at io.undertow.servlet@2.3.18.Final//io.undertow.servlet.handlers.ServletHandler.handleRequest(ServletHandler.java:74)
	at io.undertow.servlet@2.3.18.Final//io.undertow.servlet.handlers.security.ServletSecurityRoleHandler.handleRequest(ServletSecurityRoleHandler.java:62)
	at io.undertow.jsp@2.2.8.Final//io.undertow.jsp.JspFileHandler.handleRequest(JspFileHandler.java:32)
	at io.undertow.servlet@2.3.18.Final//io.undertow.servlet.handlers.ServletChain$1.handleRequest(ServletChain.java:68)
	at io.undertow.servlet@2.3.18.Final//io.undertow.servlet.handlers.ServletDispatchingHandler.handleRequest(ServletDispatchingHandler.java:36)
	at org.wildfly.security.elytron-web.undertow-server@4.1.0.Final//org.wildfly.elytron.web.undertow.server.ElytronRunAsHandler.lambda$handleRequest$1(ElytronRunAsHandler.java:68)
	at org.wildfly.security.elytron-base@2.6.0.Final//org.wildfly.security.auth.server.FlexibleIdentityAssociation.runAsFunctionEx(FlexibleIdentityAssociation.java:103)
	at org.wildfly.security.elytron-base@2.6.0.Final//org.wildfly.security.auth.server.Scoped.runAsFunctionEx(Scoped.java:161)
	at org.wildfly.security.elytron-base@2.6.0.Final//org.wildfly.security.auth.server.Scoped.runAs(Scoped.java:73)
	at org.wildfly.security.elytron-web.undertow-server@4.1.0.Final//org.wildfly.elytron.web.undertow.server.ElytronRunAsHandler.handleRequest(ElytronRunAsHandler.java:67)
	at io.undertow.servlet@2.3.18.Final//io.undertow.servlet.handlers.RedirectDirHandler.handleRequest(RedirectDirHandler.java:68)
	at io.undertow.servlet@2.3.18.Final//io.undertow.servlet.handlers.security.SSLInformationAssociationHandler.handleRequest(SSLInformationAssociationHandler.java:117)
	at io.undertow.servlet@2.3.18.Final//io.undertow.servlet.handlers.security.ServletAuthenticationCallHandler.handleRequest(ServletAuthenticationCallHandler.java:57)
	at io.undertow.core@2.3.18.Final//io.undertow.server.handlers.PredicateHandler.handleRequest(PredicateHandler.java:43)
	at io.undertow.core@2.3.18.Final//io.undertow.security.handlers.AbstractConfidentialityHandler.handleRequest(AbstractConfidentialityHandler.java:46)
	at io.undertow.servlet@2.3.18.Final//io.undertow.servlet.handlers.security.ServletConfidentialityConstraintHandler.handleRequest(ServletConfidentialityConstraintHandler.java:64)
	at io.undertow.core@2.3.18.Final//io.undertow.security.handlers.AbstractSecurityContextAssociationHandler.handleRequest(AbstractSecurityContextAssociationHandler.java:43)
	at org.wildfly.security.elytron-web.undertow-server-servlet@4.1.0.Final//org.wildfly.elytron.web.undertow.server.servlet.CleanUpHandler.handleRequest(CleanUpHandler.java:38)
	at io.undertow.core@2.3.18.Final//io.undertow.server.handlers.PredicateHandler.handleRequest(PredicateHandler.java:43)
	at org.wildfly.extension.undertow@35.0.1.Final//org.wildfly.extension.undertow.security.jacc.JACCContextIdHandler.handleRequest(JACCContextIdHandler.java:44)
	at io.undertow.core@2.3.18.Final//io.undertow.server.handlers.PredicateHandler.handleRequest(PredicateHandler.java:43)
	at org.wildfly.extension.undertow@35.0.1.Final//org.wildfly.extension.undertow.deployment.GlobalRequestControllerHandler.handleRequest(GlobalRequestControllerHandler.java:51)
	at io.undertow.servlet@2.3.18.Final//io.undertow.servlet.handlers.SendErrorPageHandler.handleRequest(SendErrorPageHandler.java:52)
	at io.undertow.core@2.3.18.Final//io.undertow.server.handlers.PredicateHandler.handleRequest(PredicateHandler.java:43)
	at io.undertow.servlet@2.3.18.Final//io.undertow.servlet.handlers.ServletInitialHandler.handleFirstRequest(ServletInitialHandler.java:276)
	at io.undertow.servlet@2.3.18.Final//io.undertow.servlet.handlers.ServletInitialHandler$2.call(ServletInitialHandler.java:135)
	at io.undertow.servlet@2.3.18.Final//io.undertow.servlet.handlers.ServletInitialHandler$2.call(ServletInitialHandler.java:132)
	at io.undertow.servlet@2.3.18.Final//io.undertow.servlet.core.ServletRequestContextThreadSetupAction$1.call(ServletRequestContextThreadSetupAction.java:48)
	at io.undertow.servlet@2.3.18.Final//io.undertow.servlet.core.ContextClassLoaderSetupAction$1.call(ContextClassLoaderSetupAction.java:43)
	at org.wildfly.extension.undertow@35.0.1.Final//org.wildfly.extension.undertow.deployment.UndertowDeploymentInfoService$UndertowThreadSetupAction.lambda$create$0(UndertowDeploymentInfoService.java:1421)
	at org.wildfly.extension.undertow@35.0.1.Final//org.wildfly.extension.undertow.deployment.UndertowDeploymentInfoService$UndertowThreadSetupAction.lambda$create$0(UndertowDeploymentInfoService.java:1421)
	at org.wildfly.extension.undertow@35.0.1.Final//org.wildfly.extension.undertow.deployment.UndertowDeploymentInfoService$UndertowThreadSetupAction.lambda$create$0(UndertowDeploymentInfoService.java:1421)
	at org.wildfly.extension.undertow@35.0.1.Final//org.wildfly.extension.undertow.deployment.UndertowDeploymentInfoService$UndertowThreadSetupAction.lambda$create$0(UndertowDeploymentInfoService.java:1421)
	at org.wildfly.extension.undertow@35.0.1.Final//org.wildfly.extension.undertow.deployment.UndertowDeploymentInfoService$UndertowThreadSetupAction.lambda$create$0(UndertowDeploymentInfoService.java:1421)
	at io.undertow.servlet@2.3.18.Final//io.undertow.servlet.handlers.ServletInitialHandler.dispatchRequest(ServletInitialHandler.java:256)
	at io.undertow.servlet@2.3.18.Final//io.undertow.servlet.handlers.ServletInitialHandler$1.handleRequest(ServletInitialHandler.java:101)
	at io.undertow.core@2.3.18.Final//io.undertow.server.Connectors.executeRootHandler(Connectors.java:395)
	at io.undertow.core@2.3.18.Final//io.undertow.server.HttpServerExchange$1.run(HttpServerExchange.java:861)
	at org.jboss.threads@2.4.0.Final//org.jboss.threads.ContextClassLoaderSavingRunnable.run(ContextClassLoaderSavingRunnable.java:35)
	at org.jboss.threads@2.4.0.Final//org.jboss.threads.EnhancedQueueExecutor.safeRun(EnhancedQueueExecutor.java:1990)
	at org.jboss.threads@2.4.0.Final//org.jboss.threads.EnhancedQueueExecutor$ThreadBody.doRunTask(EnhancedQueueExecutor.java:1486)
	at org.jboss.threads@2.4.0.Final//org.jboss.threads.EnhancedQueueExecutor$ThreadBody.run(EnhancedQueueExecutor.java:1377)
	at org.jboss.xnio@3.8.16.Final//org.xnio.XnioWorker$WorkerThreadFactory$1$1.run(XnioWorker.java:1282)
	at java.base/java.lang.Thread.run(Thread.java:1575)
Caused by: java.lang.ClassNotFoundException: org.apache.jsp.login_jsp
	at io.undertow.jsp@2.2.8.Final//org.apache.jasper.servlet.JasperLoader$1.run(JasperLoader.java:157)
	at io.undertow.jsp@2.2.8.Final//org.apache.jasper.servlet.JasperLoader$1.run(JasperLoader.java:145)
	at java.base/java.security.AccessController.doPrivileged(AccessController.java:714)
	at io.undertow.jsp@2.2.8.Final//org.apache.jasper.servlet.JasperLoader.findClass(JasperLoader.java:144)
	at io.undertow.jsp@2.2.8.Final//org.apache.jasper.servlet.JasperLoader.loadClass(JasperLoader.java:138)
	at io.undertow.jsp@2.2.8.Final//org.apache.jasper.servlet.JasperLoader.loadClass(JasperLoader.java:72)
	at org.wildfly.extension.undertow@35.0.1.Final//org.wildfly.extension.undertow.deployment.UndertowJSPInstanceManager.newInstance(UndertowJSPInstanceManager.java:42)
	at io.undertow.jsp@2.2.8.Final//org.apache.jasper.servlet.JspServletWrapper.getServlet(JspServletWrapper.java:166)
	... 48 more

2025-02-12 06:24:11,540 ERROR [io.undertow.request] (default task-2) UT005023: Exception handling request to /CalorieCalculator-1.0-SNAPSHOT/login.jsp: org.apache.jasper.JasperException: java.lang.ClassNotFoundException: org.apache.jsp.login_jsp
	at io.undertow.jsp@2.2.8.Final//org.apache.jasper.servlet.JspServletWrapper.getServlet(JspServletWrapper.java:171)
	at io.undertow.jsp@2.2.8.Final//org.apache.jasper.servlet.JspServletWrapper.service(JspServletWrapper.java:369)
	at io.undertow.jsp@2.2.8.Final//org.apache.jasper.servlet.JspServlet.serviceJspFile(JspServlet.java:403)
	at io.undertow.jsp@2.2.8.Final//org.apache.jasper.servlet.JspServlet.service(JspServlet.java:347)
	at jakarta.servlet.api@6.0.0//jakarta.servlet.http.HttpServlet.service(HttpServlet.java:614)
	at io.undertow.servlet@2.3.18.Final//io.undertow.servlet.handlers.ServletHandler.handleRequest(ServletHandler.java:74)
	at io.undertow.servlet@2.3.18.Final//io.undertow.servlet.handlers.security.ServletSecurityRoleHandler.handleRequest(ServletSecurityRoleHandler.java:62)
	at io.undertow.jsp@2.2.8.Final//io.undertow.jsp.JspFileHandler.handleRequest(JspFileHandler.java:32)
	at io.undertow.servlet@2.3.18.Final//io.undertow.servlet.handlers.ServletChain$1.handleRequest(ServletChain.java:68)
	at io.undertow.servlet@2.3.18.Final//io.undertow.servlet.handlers.ServletDispatchingHandler.handleRequest(ServletDispatchingHandler.java:36)
	at org.wildfly.security.elytron-web.undertow-server@4.1.0.Final//org.wildfly.elytron.web.undertow.server.ElytronRunAsHandler.lambda$handleRequest$1(ElytronRunAsHandler.java:68)
	at org.wildfly.security.elytron-base@2.6.0.Final//org.wildfly.security.auth.server.FlexibleIdentityAssociation.runAsFunctionEx(FlexibleIdentityAssociation.java:103)
	at org.wildfly.security.elytron-base@2.6.0.Final//org.wildfly.security.auth.server.Scoped.runAsFunctionEx(Scoped.java:161)
	at org.wildfly.security.elytron-base@2.6.0.Final//org.wildfly.security.auth.server.Scoped.runAs(Scoped.java:73)
	at org.wildfly.security.elytron-web.undertow-server@4.1.0.Final//org.wildfly.elytron.web.undertow.server.ElytronRunAsHandler.handleRequest(ElytronRunAsHandler.java:67)
	at io.undertow.servlet@2.3.18.Final//io.undertow.servlet.handlers.RedirectDirHandler.handleRequest(RedirectDirHandler.java:68)
	at io.undertow.servlet@2.3.18.Final//io.undertow.servlet.handlers.security.SSLInformationAssociationHandler.handleRequest(SSLInformationAssociationHandler.java:117)
	at io.undertow.servlet@2.3.18.Final//io.undertow.servlet.handlers.security.ServletAuthenticationCallHandler.handleRequest(ServletAuthenticationCallHandler.java:57)
	at io.undertow.core@2.3.18.Final//io.undertow.server.handlers.PredicateHandler.handleRequest(PredicateHandler.java:43)
	at io.undertow.core@2.3.18.Final//io.undertow.security.handlers.AbstractConfidentialityHandler.handleRequest(AbstractConfidentialityHandler.java:46)
	at io.undertow.servlet@2.3.18.Final//io.undertow.servlet.handlers.security.ServletConfidentialityConstraintHandler.handleRequest(ServletConfidentialityConstraintHandler.java:64)
	at io.undertow.core@2.3.18.Final//io.undertow.security.handlers.AbstractSecurityContextAssociationHandler.handleRequest(AbstractSecurityContextAssociationHandler.java:43)
	at org.wildfly.security.elytron-web.undertow-server-servlet@4.1.0.Final//org.wildfly.elytron.web.undertow.server.servlet.CleanUpHandler.handleRequest(CleanUpHandler.java:38)
	at io.undertow.core@2.3.18.Final//io.undertow.server.handlers.PredicateHandler.handleRequest(PredicateHandler.java:43)
	at org.wildfly.extension.undertow@35.0.1.Final//org.wildfly.extension.undertow.security.jacc.JACCContextIdHandler.handleRequest(JACCContextIdHandler.java:44)
	at io.undertow.core@2.3.18.Final//io.undertow.server.handlers.PredicateHandler.handleRequest(PredicateHandler.java:43)
	at org.wildfly.extension.undertow@35.0.1.Final//org.wildfly.extension.undertow.deployment.GlobalRequestControllerHandler.handleRequest(GlobalRequestControllerHandler.java:51)
	at io.undertow.servlet@2.3.18.Final//io.undertow.servlet.handlers.SendErrorPageHandler.handleRequest(SendErrorPageHandler.java:52)
	at io.undertow.core@2.3.18.Final//io.undertow.server.handlers.PredicateHandler.handleRequest(PredicateHandler.java:43)
	at io.undertow.servlet@2.3.18.Final//io.undertow.servlet.handlers.ServletInitialHandler.handleFirstRequest(ServletInitialHandler.java:276)
	at io.undertow.servlet@2.3.18.Final//io.undertow.servlet.handlers.ServletInitialHandler$2.call(ServletInitialHandler.java:135)
	at io.undertow.servlet@2.3.18.Final//io.undertow.servlet.handlers.ServletInitialHandler$2.call(ServletInitialHandler.java:132)
	at io.undertow.servlet@2.3.18.Final//io.undertow.servlet.core.ServletRequestContextThreadSetupAction$1.call(ServletRequestContextThreadSetupAction.java:48)
	at io.undertow.servlet@2.3.18.Final//io.undertow.servlet.core.ContextClassLoaderSetupAction$1.call(ContextClassLoaderSetupAction.java:43)
	at org.wildfly.extension.undertow@35.0.1.Final//org.wildfly.extension.undertow.deployment.UndertowDeploymentInfoService$UndertowThreadSetupAction.lambda$create$0(UndertowDeploymentInfoService.java:1421)
	at org.wildfly.extension.undertow@35.0.1.Final//org.wildfly.extension.undertow.deployment.UndertowDeploymentInfoService$UndertowThreadSetupAction.lambda$create$0(UndertowDeploymentInfoService.java:1421)
	at org.wildfly.extension.undertow@35.0.1.Final//org.wildfly.extension.undertow.deployment.UndertowDeploymentInfoService$UndertowThreadSetupAction.lambda$create$0(UndertowDeploymentInfoService.java:1421)
	at org.wildfly.extension.undertow@35.0.1.Final//org.wildfly.extension.undertow.deployment.UndertowDeploymentInfoService$UndertowThreadSetupAction.lambda$create$0(UndertowDeploymentInfoService.java:1421)
	at org.wildfly.extension.undertow@35.0.1.Final//org.wildfly.extension.undertow.deployment.UndertowDeploymentInfoService$UndertowThreadSetupAction.lambda$create$0(UndertowDeploymentInfoService.java:1421)
	at io.undertow.servlet@2.3.18.Final//io.undertow.servlet.handlers.ServletInitialHandler.dispatchRequest(ServletInitialHandler.java:256)
	at io.undertow.servlet@2.3.18.Final//io.undertow.servlet.handlers.ServletInitialHandler$1.handleRequest(ServletInitialHandler.java:101)
	at io.undertow.core@2.3.18.Final//io.undertow.server.Connectors.executeRootHandler(Connectors.java:395)
	at io.undertow.core@2.3.18.Final//io.undertow.server.HttpServerExchange$1.run(HttpServerExchange.java:861)
	at org.jboss.threads@2.4.0.Final//org.jboss.threads.ContextClassLoaderSavingRunnable.run(ContextClassLoaderSavingRunnable.java:35)
	at org.jboss.threads@2.4.0.Final//org.jboss.threads.EnhancedQueueExecutor.safeRun(EnhancedQueueExecutor.java:1990)
	at org.jboss.threads@2.4.0.Final//org.jboss.threads.EnhancedQueueExecutor$ThreadBody.doRunTask(EnhancedQueueExecutor.java:1486)
	at org.jboss.threads@2.4.0.Final//org.jboss.threads.EnhancedQueueExecutor$ThreadBody.run(EnhancedQueueExecutor.java:1377)
	at org.jboss.xnio@3.8.16.Final//org.xnio.XnioWorker$WorkerThreadFactory$1$1.run(XnioWorker.java:1282)
	at java.base/java.lang.Thread.run(Thread.java:1575)
Caused by: java.lang.ClassNotFoundException: org.apache.jsp.login_jsp
	at io.undertow.jsp@2.2.8.Final//org.apache.jasper.servlet.JasperLoader$1.run(JasperLoader.java:157)
	at io.undertow.jsp@2.2.8.Final//org.apache.jasper.servlet.JasperLoader$1.run(JasperLoader.java:145)
	at java.base/java.security.AccessController.doPrivileged(AccessController.java:714)
	at io.undertow.jsp@2.2.8.Final//org.apache.jasper.servlet.JasperLoader.findClass(JasperLoader.java:144)
	at io.undertow.jsp@2.2.8.Final//org.apache.jasper.servlet.JasperLoader.loadClass(JasperLoader.java:138)
	at io.undertow.jsp@2.2.8.Final//org.apache.jasper.servlet.JasperLoader.loadClass(JasperLoader.java:72)
	at org.wildfly.extension.undertow@35.0.1.Final//org.wildfly.extension.undertow.deployment.UndertowJSPInstanceManager.newInstance(UndertowJSPInstanceManager.java:42)
	at io.undertow.jsp@2.2.8.Final//org.apache.jasper.servlet.JspServletWrapper.getServlet(JspServletWrapper.java:166)
	... 48 more

2025-02-12 06:24:17,293 ERROR [io.undertow.request] (default task-2) UT005023: Exception handling request to /CalorieCalculator-1.0-SNAPSHOT/login.jsp: org.apache.jasper.JasperException: java.lang.ClassNotFoundException: org.apache.jsp.login_jsp
	at io.undertow.jsp@2.2.8.Final//org.apache.jasper.servlet.JspServletWrapper.getServlet(JspServletWrapper.java:171)
	at io.undertow.jsp@2.2.8.Final//org.apache.jasper.servlet.JspServletWrapper.service(JspServletWrapper.java:369)
	at io.undertow.jsp@2.2.8.Final//org.apache.jasper.servlet.JspServlet.serviceJspFile(JspServlet.java:403)
	at io.undertow.jsp@2.2.8.Final//org.apache.jasper.servlet.JspServlet.service(JspServlet.java:347)
	at jakarta.servlet.api@6.0.0//jakarta.servlet.http.HttpServlet.service(HttpServlet.java:614)
	at io.undertow.servlet@2.3.18.Final//io.undertow.servlet.handlers.ServletHandler.handleRequest(ServletHandler.java:74)
	at io.undertow.servlet@2.3.18.Final//io.undertow.servlet.handlers.security.ServletSecurityRoleHandler.handleRequest(ServletSecurityRoleHandler.java:62)
	at io.undertow.jsp@2.2.8.Final//io.undertow.jsp.JspFileHandler.handleRequest(JspFileHandler.java:32)
	at io.undertow.servlet@2.3.18.Final//io.undertow.servlet.handlers.ServletChain$1.handleRequest(ServletChain.java:68)
	at io.undertow.servlet@2.3.18.Final//io.undertow.servlet.handlers.ServletDispatchingHandler.handleRequest(ServletDispatchingHandler.java:36)
	at org.wildfly.security.elytron-web.undertow-server@4.1.0.Final//org.wildfly.elytron.web.undertow.server.ElytronRunAsHandler.lambda$handleRequest$1(ElytronRunAsHandler.java:68)
	at org.wildfly.security.elytron-base@2.6.0.Final//org.wildfly.security.auth.server.FlexibleIdentityAssociation.runAsFunctionEx(FlexibleIdentityAssociation.java:103)
	at org.wildfly.security.elytron-base@2.6.0.Final//org.wildfly.security.auth.server.Scoped.runAsFunctionEx(Scoped.java:161)
	at org.wildfly.security.elytron-base@2.6.0.Final//org.wildfly.security.auth.server.Scoped.runAs(Scoped.java:73)
	at org.wildfly.security.elytron-web.undertow-server@4.1.0.Final//org.wildfly.elytron.web.undertow.server.ElytronRunAsHandler.handleRequest(ElytronRunAsHandler.java:67)
	at io.undertow.servlet@2.3.18.Final//io.undertow.servlet.handlers.RedirectDirHandler.handleRequest(RedirectDirHandler.java:68)
	at io.undertow.servlet@2.3.18.Final//io.undertow.servlet.handlers.security.SSLInformationAssociationHandler.handleRequest(SSLInformationAssociationHandler.java:117)
	at io.undertow.servlet@2.3.18.Final//io.undertow.servlet.handlers.security.ServletAuthenticationCallHandler.handleRequest(ServletAuthenticationCallHandler.java:57)
	at io.undertow.core@2.3.18.Final//io.undertow.server.handlers.PredicateHandler.handleRequest(PredicateHandler.java:43)
	at io.undertow.core@2.3.18.Final//io.undertow.security.handlers.AbstractConfidentialityHandler.handleRequest(AbstractConfidentialityHandler.java:46)
	at io.undertow.servlet@2.3.18.Final//io.undertow.servlet.handlers.security.ServletConfidentialityConstraintHandler.handleRequest(ServletConfidentialityConstraintHandler.java:64)
	at io.undertow.core@2.3.18.Final//io.undertow.security.handlers.AbstractSecurityContextAssociationHandler.handleRequest(AbstractSecurityContextAssociationHandler.java:43)
	at org.wildfly.security.elytron-web.undertow-server-servlet@4.1.0.Final//org.wildfly.elytron.web.undertow.server.servlet.CleanUpHandler.handleRequest(CleanUpHandler.java:38)
	at io.undertow.core@2.3.18.Final//io.undertow.server.handlers.PredicateHandler.handleRequest(PredicateHandler.java:43)
	at org.wildfly.extension.undertow@35.0.1.Final//org.wildfly.extension.undertow.security.jacc.JACCContextIdHandler.handleRequest(JACCContextIdHandler.java:44)
	at io.undertow.core@2.3.18.Final//io.undertow.server.handlers.PredicateHandler.handleRequest(PredicateHandler.java:43)
	at org.wildfly.extension.undertow@35.0.1.Final//org.wildfly.extension.undertow.deployment.GlobalRequestControllerHandler.handleRequest(GlobalRequestControllerHandler.java:51)
	at io.undertow.servlet@2.3.18.Final//io.undertow.servlet.handlers.SendErrorPageHandler.handleRequest(SendErrorPageHandler.java:52)
	at io.undertow.core@2.3.18.Final//io.undertow.server.handlers.PredicateHandler.handleRequest(PredicateHandler.java:43)
	at io.undertow.servlet@2.3.18.Final//io.undertow.servlet.handlers.ServletInitialHandler.handleFirstRequest(ServletInitialHandler.java:276)
	at io.undertow.servlet@2.3.18.Final//io.undertow.servlet.handlers.ServletInitialHandler$2.call(ServletInitialHandler.java:135)
	at io.undertow.servlet@2.3.18.Final//io.undertow.servlet.handlers.ServletInitialHandler$2.call(ServletInitialHandler.java:132)
	at io.undertow.servlet@2.3.18.Final//io.undertow.servlet.core.ServletRequestContextThreadSetupAction$1.call(ServletRequestContextThreadSetupAction.java:48)
	at io.undertow.servlet@2.3.18.Final//io.undertow.servlet.core.ContextClassLoaderSetupAction$1.call(ContextClassLoaderSetupAction.java:43)
	at org.wildfly.extension.undertow@35.0.1.Final//org.wildfly.extension.undertow.deployment.UndertowDeploymentInfoService$UndertowThreadSetupAction.lambda$create$0(UndertowDeploymentInfoService.java:1421)
	at org.wildfly.extension.undertow@35.0.1.Final//org.wildfly.extension.undertow.deployment.UndertowDeploymentInfoService$UndertowThreadSetupAction.lambda$create$0(UndertowDeploymentInfoService.java:1421)
	at org.wildfly.extension.undertow@35.0.1.Final//org.wildfly.extension.undertow.deployment.UndertowDeploymentInfoService$UndertowThreadSetupAction.lambda$create$0(UndertowDeploymentInfoService.java:1421)
	at org.wildfly.extension.undertow@35.0.1.Final//org.wildfly.extension.undertow.deployment.UndertowDeploymentInfoService$UndertowThreadSetupAction.lambda$create$0(UndertowDeploymentInfoService.java:1421)
	at org.wildfly.extension.undertow@35.0.1.Final//org.wildfly.extension.undertow.deployment.UndertowDeploymentInfoService$UndertowThreadSetupAction.lambda$create$0(UndertowDeploymentInfoService.java:1421)
	at io.undertow.servlet@2.3.18.Final//io.undertow.servlet.handlers.ServletInitialHandler.dispatchRequest(ServletInitialHandler.java:256)
	at io.undertow.servlet@2.3.18.Final//io.undertow.servlet.handlers.ServletInitialHandler$1.handleRequest(ServletInitialHandler.java:101)
	at io.undertow.core@2.3.18.Final//io.undertow.server.Connectors.executeRootHandler(Connectors.java:395)
	at io.undertow.core@2.3.18.Final//io.undertow.server.HttpServerExchange$1.run(HttpServerExchange.java:861)
	at org.jboss.threads@2.4.0.Final//org.jboss.threads.ContextClassLoaderSavingRunnable.run(ContextClassLoaderSavingRunnable.java:35)
	at org.jboss.threads@2.4.0.Final//org.jboss.threads.EnhancedQueueExecutor.safeRun(EnhancedQueueExecutor.java:1990)
	at org.jboss.threads@2.4.0.Final//org.jboss.threads.EnhancedQueueExecutor$ThreadBody.doRunTask(EnhancedQueueExecutor.java:1486)
	at org.jboss.threads@2.4.0.Final//org.jboss.threads.EnhancedQueueExecutor$ThreadBody.run(EnhancedQueueExecutor.java:1377)
	at org.jboss.xnio@3.8.16.Final//org.xnio.XnioWorker$WorkerThreadFactory$1$1.run(XnioWorker.java:1282)
	at java.base/java.lang.Thread.run(Thread.java:1575)
Caused by: java.lang.ClassNotFoundException: org.apache.jsp.login_jsp
	at io.undertow.jsp@2.2.8.Final//org.apache.jasper.servlet.JasperLoader$1.run(JasperLoader.java:157)
	at io.undertow.jsp@2.2.8.Final//org.apache.jasper.servlet.JasperLoader$1.run(JasperLoader.java:145)
	at java.base/java.security.AccessController.doPrivileged(AccessController.java:714)
	at io.undertow.jsp@2.2.8.Final//org.apache.jasper.servlet.JasperLoader.findClass(JasperLoader.java:144)
	at io.undertow.jsp@2.2.8.Final//org.apache.jasper.servlet.JasperLoader.loadClass(JasperLoader.java:138)
	at io.undertow.jsp@2.2.8.Final//org.apache.jasper.servlet.JasperLoader.loadClass(JasperLoader.java:72)
	at org.wildfly.extension.undertow@35.0.1.Final//org.wildfly.extension.undertow.deployment.UndertowJSPInstanceManager.newInstance(UndertowJSPInstanceManager.java:42)
	at io.undertow.jsp@2.2.8.Final//org.apache.jasper.servlet.JspServletWrapper.getServlet(JspServletWrapper.java:166)
	... 48 more

2025-02-12 06:29:08,768 INFO  [org.jboss.as.repository] (ServerService Thread Pool -- 1) WFLYDR0011: Couldn't list directory files for /Users/abhibhavrajsingh/IdeaProjects/CalorieCalculator/wildfly-35.0.1.Final/standalone/data/content
2025-02-12 06:34:08,782 INFO  [org.jboss.as.repository] (ServerService Thread Pool -- 1) WFLYDR0011: Couldn't list directory files for /Users/abhibhavrajsingh/IdeaProjects/CalorieCalculator/wildfly-35.0.1.Final/standalone/data/content
2025-02-12 06:39:08,803 INFO  [org.jboss.as.repository] (ServerService Thread Pool -- 80) WFLYDR0011: Couldn't list directory files for /Users/abhibhavrajsingh/IdeaProjects/CalorieCalculator/wildfly-35.0.1.Final/standalone/data/content
2025-02-12 06:44:08,819 INFO  [org.jboss.as.repository] (ServerService Thread Pool -- 41) WFLYDR0011: Couldn't list directory files for /Users/abhibhavrajsingh/IdeaProjects/CalorieCalculator/wildfly-35.0.1.Final/standalone/data/content
2025-02-12 06:49:08,849 INFO  [org.jboss.as.repository] (ServerService Thread Pool -- 79) WFLYDR0011: Couldn't list directory files for /Users/abhibhavrajsingh/IdeaProjects/CalorieCalculator/wildfly-35.0.1.Final/standalone/data/content
2025-02-12 06:54:08,861 INFO  [org.jboss.as.repository] (ServerService Thread Pool -- 41) WFLYDR0011: Couldn't list directory files for /Users/abhibhavrajsingh/IdeaProjects/CalorieCalculator/wildfly-35.0.1.Final/standalone/data/content
2025-02-12 06:59:08,877 INFO  [org.jboss.as.repository] (ServerService Thread Pool -- 79) WFLYDR0011: Couldn't list directory files for /Users/abhibhavrajsingh/IdeaProjects/CalorieCalculator/wildfly-35.0.1.Final/standalone/data/content
2025-02-12 07:04:08,918 INFO  [org.jboss.as.repository] (ServerService Thread Pool -- 80) WFLYDR0011: Couldn't list directory files for /Users/abhibhavrajsingh/IdeaProjects/CalorieCalculator/wildfly-35.0.1.Final/standalone/data/content
2025-02-12 07:09:08,938 INFO  [org.jboss.as.repository] (ServerService Thread Pool -- 41) WFLYDR0011: Couldn't list directory files for /Users/abhibhavrajsingh/IdeaProjects/CalorieCalculator/wildfly-35.0.1.Final/standalone/data/content
2025-02-12 07:14:08,960 INFO  [org.jboss.as.repository] (ServerService Thread Pool -- 41) WFLYDR0011: Couldn't list directory files for /Users/abhibhavrajsingh/IdeaProjects/CalorieCalculator/wildfly-35.0.1.Final/standalone/data/content
2025-02-12 07:19:08,974 INFO  [org.jboss.as.repository] (ServerService Thread Pool -- 80) WFLYDR0011: Couldn't list directory files for /Users/abhibhavrajsingh/IdeaProjects/CalorieCalculator/wildfly-35.0.1.Final/standalone/data/content
2025-02-12 07:24:08,992 INFO  [org.jboss.as.repository] (ServerService Thread Pool -- 1) WFLYDR0011: Couldn't list directory files for /Users/abhibhavrajsingh/IdeaProjects/CalorieCalculator/wildfly-35.0.1.Final/standalone/data/content
2025-02-12 07:29:09,002 INFO  [org.jboss.as.repository] (ServerService Thread Pool -- 80) WFLYDR0011: Couldn't list directory files for /Users/abhibhavrajsingh/IdeaProjects/CalorieCalculator/wildfly-35.0.1.Final/standalone/data/content
2025-02-12 07:34:09,010 INFO  [org.jboss.as.repository] (ServerService Thread Pool -- 79) WFLYDR0011: Couldn't list directory files for /Users/abhibhavrajsingh/IdeaProjects/CalorieCalculator/wildfly-35.0.1.Final/standalone/data/content
2025-02-12 07:39:09,024 INFO  [org.jboss.as.repository] (ServerService Thread Pool -- 1) WFLYDR0011: Couldn't list directory files for /Users/abhibhavrajsingh/IdeaProjects/CalorieCalculator/wildfly-35.0.1.Final/standalone/data/content
2025-02-12 07:44:09,042 INFO  [org.jboss.as.repository] (ServerService Thread Pool -- 1) WFLYDR0011: Couldn't list directory files for /Users/abhibhavrajsingh/IdeaProjects/CalorieCalculator/wildfly-35.0.1.Final/standalone/data/content
2025-02-12 07:49:09,058 INFO  [org.jboss.as.repository] (ServerService Thread Pool -- 79) WFLYDR0011: Couldn't list directory files for /Users/abhibhavrajsingh/IdeaProjects/CalorieCalculator/wildfly-35.0.1.Final/standalone/data/content
2025-02-12 07:54:09,070 INFO  [org.jboss.as.repository] (ServerService Thread Pool -- 41) WFLYDR0011: Couldn't list directory files for /Users/abhibhavrajsingh/IdeaProjects/CalorieCalculator/wildfly-35.0.1.Final/standalone/data/content
2025-02-12 07:59:09,087 INFO  [org.jboss.as.repository] (ServerService Thread Pool -- 41) WFLYDR0011: Couldn't list directory files for /Users/abhibhavrajsingh/IdeaProjects/CalorieCalculator/wildfly-35.0.1.Final/standalone/data/content
2025-02-12 08:04:09,098 INFO  [org.jboss.as.repository] (ServerService Thread Pool -- 41) WFLYDR0011: Couldn't list directory files for /Users/abhibhavrajsingh/IdeaProjects/CalorieCalculator/wildfly-35.0.1.Final/standalone/data/content
2025-02-12 08:09:09,120 INFO  [org.jboss.as.repository] (ServerService Thread Pool -- 41) WFLYDR0011: Couldn't list directory files for /Users/abhibhavrajsingh/IdeaProjects/CalorieCalculator/wildfly-35.0.1.Final/standalone/data/content
2025-02-12 08:14:09,145 INFO  [org.jboss.as.repository] (ServerService Thread Pool -- 80) WFLYDR0011: Couldn't list directory files for /Users/abhibhavrajsingh/IdeaProjects/CalorieCalculator/wildfly-35.0.1.Final/standalone/data/content
2025-02-12 08:19:09,184 INFO  [org.jboss.as.repository] (ServerService Thread Pool -- 80) WFLYDR0011: Couldn't list directory files for /Users/abhibhavrajsingh/IdeaProjects/CalorieCalculator/wildfly-35.0.1.Final/standalone/data/content
2025-02-12 08:24:09,209 INFO  [org.jboss.as.repository] (ServerService Thread Pool -- 1) WFLYDR0011: Couldn't list directory files for /Users/abhibhavrajsingh/IdeaProjects/CalorieCalculator/wildfly-35.0.1.Final/standalone/data/content
2025-02-12 08:29:09,221 INFO  [org.jboss.as.repository] (ServerService Thread Pool -- 1) WFLYDR0011: Couldn't list directory files for /Users/abhibhavrajsingh/IdeaProjects/CalorieCalculator/wildfly-35.0.1.Final/standalone/data/content
2025-02-12 08:34:09,249 INFO  [org.jboss.as.repository] (ServerService Thread Pool -- 41) WFLYDR0011: Couldn't list directory files for /Users/abhibhavrajsingh/IdeaProjects/CalorieCalculator/wildfly-35.0.1.Final/standalone/data/content
2025-02-12 08:39:09,270 INFO  [org.jboss.as.repository] (ServerService Thread Pool -- 80) WFLYDR0011: Couldn't list directory files for /Users/abhibhavrajsingh/IdeaProjects/CalorieCalculator/wildfly-35.0.1.Final/standalone/data/content
2025-02-12 08:44:09,280 INFO  [org.jboss.as.repository] (ServerService Thread Pool -- 79) WFLYDR0011: Couldn't list directory files for /Users/abhibhavrajsingh/IdeaProjects/CalorieCalculator/wildfly-35.0.1.Final/standalone/data/content
2025-02-12 08:49:09,299 INFO  [org.jboss.as.repository] (ServerService Thread Pool -- 1) WFLYDR0011: Couldn't list directory files for /Users/abhibhavrajsingh/IdeaProjects/CalorieCalculator/wildfly-35.0.1.Final/standalone/data/content
2025-02-12 08:54:09,312 INFO  [org.jboss.as.repository] (ServerService Thread Pool -- 41) WFLYDR0011: Couldn't list directory files for /Users/abhibhavrajsingh/IdeaProjects/CalorieCalculator/wildfly-35.0.1.Final/standalone/data/content
2025-02-12 08:59:09,325 INFO  [org.jboss.as.repository] (ServerService Thread Pool -- 41) WFLYDR0011: Couldn't list directory files for /Users/abhibhavrajsingh/IdeaProjects/CalorieCalculator/wildfly-35.0.1.Final/standalone/data/content
2025-02-12 09:04:09,340 INFO  [org.jboss.as.repository] (ServerService Thread Pool -- 1) WFLYDR0011: Couldn't list directory files for /Users/abhibhavrajsingh/IdeaProjects/CalorieCalculator/wildfly-35.0.1.Final/standalone/data/content
2025-02-12 09:09:09,352 INFO  [org.jboss.as.repository] (ServerService Thread Pool -- 79) WFLYDR0011: Couldn't list directory files for /Users/abhibhavrajsingh/IdeaProjects/CalorieCalculator/wildfly-35.0.1.Final/standalone/data/content
2025-02-12 09:14:09,370 INFO  [org.jboss.as.repository] (ServerService Thread Pool -- 1) WFLYDR0011: Couldn't list directory files for /Users/abhibhavrajsingh/IdeaProjects/CalorieCalculator/wildfly-35.0.1.Final/standalone/data/content
2025-02-12 09:19:09,385 INFO  [org.jboss.as.repository] (ServerService Thread Pool -- 79) WFLYDR0011: Couldn't list directory files for /Users/abhibhavrajsingh/IdeaProjects/CalorieCalculator/wildfly-35.0.1.Final/standalone/data/content
2025-02-12 09:24:09,400 INFO  [org.jboss.as.repository] (ServerService Thread Pool -- 1) WFLYDR0011: Couldn't list directory files for /Users/abhibhavrajsingh/IdeaProjects/CalorieCalculator/wildfly-35.0.1.Final/standalone/data/content
2025-02-12 09:29:09,417 INFO  [org.jboss.as.repository] (ServerService Thread Pool -- 41) WFLYDR0011: Couldn't list directory files for /Users/abhibhavrajsingh/IdeaProjects/CalorieCalculator/wildfly-35.0.1.Final/standalone/data/content
2025-02-12 09:34:09,436 INFO  [org.jboss.as.repository] (ServerService Thread Pool -- 79) WFLYDR0011: Couldn't list directory files for /Users/abhibhavrajsingh/IdeaProjects/CalorieCalculator/wildfly-35.0.1.Final/standalone/data/content
2025-02-12 09:39:09,453 INFO  [org.jboss.as.repository] (ServerService Thread Pool -- 41) WFLYDR0011: Couldn't list directory files for /Users/abhibhavrajsingh/IdeaProjects/CalorieCalculator/wildfly-35.0.1.Final/standalone/data/content
2025-02-12 09:44:09,469 INFO  [org.jboss.as.repository] (ServerService Thread Pool -- 80) WFLYDR0011: Couldn't list directory files for /Users/abhibhavrajsingh/IdeaProjects/CalorieCalculator/wildfly-35.0.1.Final/standalone/data/content
2025-02-12 09:49:09,491 INFO  [org.jboss.as.repository] (ServerService Thread Pool -- 41) WFLYDR0011: Couldn't list directory files for /Users/abhibhavrajsingh/IdeaProjects/CalorieCalculator/wildfly-35.0.1.Final/standalone/data/content
2025-02-12 09:54:09,501 INFO  [org.jboss.as.repository] (ServerService Thread Pool -- 41) WFLYDR0011: Couldn't list directory files for /Users/abhibhavrajsingh/IdeaProjects/CalorieCalculator/wildfly-35.0.1.Final/standalone/data/content
2025-02-12 09:59:09,528 INFO  [org.jboss.as.repository] (ServerService Thread Pool -- 1) WFLYDR0011: Couldn't list directory files for /Users/abhibhavrajsingh/IdeaProjects/CalorieCalculator/wildfly-35.0.1.Final/standalone/data/content
2025-02-12 10:04:09,543 INFO  [org.jboss.as.repository] (ServerService Thread Pool -- 79) WFLYDR0011: Couldn't list directory files for /Users/abhibhavrajsingh/IdeaProjects/CalorieCalculator/wildfly-35.0.1.Final/standalone/data/content
2025-02-12 10:09:09,553 INFO  [org.jboss.as.repository] (ServerService Thread Pool -- 41) WFLYDR0011: Couldn't list directory files for /Users/abhibhavrajsingh/IdeaProjects/CalorieCalculator/wildfly-35.0.1.Final/standalone/data/content
2025-02-12 10:14:09,566 INFO  [org.jboss.as.repository] (ServerService Thread Pool -- 1) WFLYDR0011: Couldn't list directory files for /Users/abhibhavrajsingh/IdeaProjects/CalorieCalculator/wildfly-35.0.1.Final/standalone/data/content
2025-02-12 10:19:09,587 INFO  [org.jboss.as.repository] (ServerService Thread Pool -- 80) WFLYDR0011: Couldn't list directory files for /Users/abhibhavrajsingh/IdeaProjects/CalorieCalculator/wildfly-35.0.1.Final/standalone/data/content
2025-02-12 10:24:09,597 INFO  [org.jboss.as.repository] (ServerService Thread Pool -- 80) WFLYDR0011: Couldn't list directory files for /Users/abhibhavrajsingh/IdeaProjects/CalorieCalculator/wildfly-35.0.1.Final/standalone/data/content
2025-02-12 10:29:09,608 INFO  [org.jboss.as.repository] (ServerService Thread Pool -- 41) WFLYDR0011: Couldn't list directory files for /Users/abhibhavrajsingh/IdeaProjects/CalorieCalculator/wildfly-35.0.1.Final/standalone/data/content
2025-02-12 10:34:09,630 INFO  [org.jboss.as.repository] (ServerService Thread Pool -- 1) WFLYDR0011: Couldn't list directory files for /Users/abhibhavrajsingh/IdeaProjects/CalorieCalculator/wildfly-35.0.1.Final/standalone/data/content
2025-02-12 10:39:09,649 INFO  [org.jboss.as.repository] (ServerService Thread Pool -- 41) WFLYDR0011: Couldn't list directory files for /Users/abhibhavrajsingh/IdeaProjects/CalorieCalculator/wildfly-35.0.1.Final/standalone/data/content
2025-02-12 10:44:09,659 INFO  [org.jboss.as.repository] (ServerService Thread Pool -- 41) WFLYDR0011: Couldn't list directory files for /Users/abhibhavrajsingh/IdeaProjects/CalorieCalculator/wildfly-35.0.1.Final/standalone/data/content
2025-02-12 10:49:09,675 INFO  [org.jboss.as.repository] (ServerService Thread Pool -- 80) WFLYDR0011: Couldn't list directory files for /Users/abhibhavrajsingh/IdeaProjects/CalorieCalculator/wildfly-35.0.1.Final/standalone/data/content
2025-02-12 10:54:09,685 INFO  [org.jboss.as.repository] (ServerService Thread Pool -- 41) WFLYDR0011: Couldn't list directory files for /Users/abhibhavrajsingh/IdeaProjects/CalorieCalculator/wildfly-35.0.1.Final/standalone/data/content
2025-02-12 10:59:09,696 INFO  [org.jboss.as.repository] (ServerService Thread Pool -- 80) WFLYDR0011: Couldn't list directory files for /Users/abhibhavrajsingh/IdeaProjects/CalorieCalculator/wildfly-35.0.1.Final/standalone/data/content
2025-02-12 11:04:09,719 INFO  [org.jboss.as.repository] (ServerService Thread Pool -- 1) WFLYDR0011: Couldn't list directory files for /Users/abhibhavrajsingh/IdeaProjects/CalorieCalculator/wildfly-35.0.1.Final/standalone/data/content
2025-02-12 11:09:09,737 INFO  [org.jboss.as.repository] (ServerService Thread Pool -- 79) WFLYDR0011: Couldn't list directory files for /Users/abhibhavrajsingh/IdeaProjects/CalorieCalculator/wildfly-35.0.1.Final/standalone/data/content
2025-02-12 11:14:09,754 INFO  [org.jboss.as.repository] (ServerService Thread Pool -- 79) WFLYDR0011: Couldn't list directory files for /Users/abhibhavrajsingh/IdeaProjects/CalorieCalculator/wildfly-35.0.1.Final/standalone/data/content
2025-02-12 11:19:09,766 INFO  [org.jboss.as.repository] (ServerService Thread Pool -- 1) WFLYDR0011: Couldn't list directory files for /Users/abhibhavrajsingh/IdeaProjects/CalorieCalculator/wildfly-35.0.1.Final/standalone/data/content
2025-02-12 11:24:09,785 INFO  [org.jboss.as.repository] (ServerService Thread Pool -- 41) WFLYDR0011: Couldn't list directory files for /Users/abhibhavrajsingh/IdeaProjects/CalorieCalculator/wildfly-35.0.1.Final/standalone/data/content
2025-02-12 11:29:09,799 INFO  [org.jboss.as.repository] (ServerService Thread Pool -- 41) WFLYDR0011: Couldn't list directory files for /Users/abhibhavrajsingh/IdeaProjects/CalorieCalculator/wildfly-35.0.1.Final/standalone/data/content
2025-02-12 11:34:09,812 INFO  [org.jboss.as.repository] (ServerService Thread Pool -- 80) WFLYDR0011: Couldn't list directory files for /Users/abhibhavrajsingh/IdeaProjects/CalorieCalculator/wildfly-35.0.1.Final/standalone/data/content
2025-02-12 11:39:09,827 INFO  [org.jboss.as.repository] (ServerService Thread Pool -- 1) WFLYDR0011: Couldn't list directory files for /Users/abhibhavrajsingh/IdeaProjects/CalorieCalculator/wildfly-35.0.1.Final/standalone/data/content
2025-02-12 11:44:09,852 INFO  [org.jboss.as.repository] (ServerService Thread Pool -- 80) WFLYDR0011: Couldn't list directory files for /Users/abhibhavrajsingh/IdeaProjects/CalorieCalculator/wildfly-35.0.1.Final/standalone/data/content
2025-02-12 11:49:09,868 INFO  [org.jboss.as.repository] (ServerService Thread Pool -- 80) WFLYDR0011: Couldn't list directory files for /Users/abhibhavrajsingh/IdeaProjects/CalorieCalculator/wildfly-35.0.1.Final/standalone/data/content
2025-02-12 11:54:09,883 INFO  [org.jboss.as.repository] (ServerService Thread Pool -- 41) WFLYDR0011: Couldn't list directory files for /Users/abhibhavrajsingh/IdeaProjects/CalorieCalculator/wildfly-35.0.1.Final/standalone/data/content
2025-02-12 11:59:09,900 INFO  [org.jboss.as.repository] (ServerService Thread Pool -- 1) WFLYDR0011: Couldn't list directory files for /Users/abhibhavrajsingh/IdeaProjects/CalorieCalculator/wildfly-35.0.1.Final/standalone/data/content
2025-02-12 12:04:09,920 INFO  [org.jboss.as.repository] (ServerService Thread Pool -- 41) WFLYDR0011: Couldn't list directory files for /Users/abhibhavrajsingh/IdeaProjects/CalorieCalculator/wildfly-35.0.1.Final/standalone/data/content
2025-02-12 12:09:09,933 INFO  [org.jboss.as.repository] (ServerService Thread Pool -- 80) WFLYDR0011: Couldn't list directory files for /Users/abhibhavrajsingh/IdeaProjects/CalorieCalculator/wildfly-35.0.1.Final/standalone/data/content
2025-02-12 12:14:09,949 INFO  [org.jboss.as.repository] (ServerService Thread Pool -- 1) WFLYDR0011: Couldn't list directory files for /Users/abhibhavrajsingh/IdeaProjects/CalorieCalculator/wildfly-35.0.1.Final/standalone/data/content
2025-02-12 12:19:09,961 INFO  [org.jboss.as.repository] (ServerService Thread Pool -- 1) WFLYDR0011: Couldn't list directory files for /Users/abhibhavrajsingh/IdeaProjects/CalorieCalculator/wildfly-35.0.1.Final/standalone/data/content
2025-02-12 12:24:09,977 INFO  [org.jboss.as.repository] (ServerService Thread Pool -- 80) WFLYDR0011: Couldn't list directory files for /Users/abhibhavrajsingh/IdeaProjects/CalorieCalculator/wildfly-35.0.1.Final/standalone/data/content
2025-02-12 12:29:09,994 INFO  [org.jboss.as.repository] (ServerService Thread Pool -- 80) WFLYDR0011: Couldn't list directory files for /Users/abhibhavrajsingh/IdeaProjects/CalorieCalculator/wildfly-35.0.1.Final/standalone/data/content
2025-02-12 12:34:10,012 INFO  [org.jboss.as.repository] (ServerService Thread Pool -- 80) WFLYDR0011: Couldn't list directory files for /Users/abhibhavrajsingh/IdeaProjects/CalorieCalculator/wildfly-35.0.1.Final/standalone/data/content
2025-02-12 12:39:10,023 INFO  [org.jboss.as.repository] (ServerService Thread Pool -- 80) WFLYDR0011: Couldn't list directory files for /Users/abhibhavrajsingh/IdeaProjects/CalorieCalculator/wildfly-35.0.1.Final/standalone/data/content
2025-02-12 12:44:10,040 INFO  [org.jboss.as.repository] (ServerService Thread Pool -- 1) WFLYDR0011: Couldn't list directory files for /Users/abhibhavrajsingh/IdeaProjects/CalorieCalculator/wildfly-35.0.1.Final/standalone/data/content
2025-02-12 12:49:10,058 INFO  [org.jboss.as.repository] (ServerService Thread Pool -- 80) WFLYDR0011: Couldn't list directory files for /Users/abhibhavrajsingh/IdeaProjects/CalorieCalculator/wildfly-35.0.1.Final/standalone/data/content
2025-02-12 12:54:10,076 INFO  [org.jboss.as.repository] (ServerService Thread Pool -- 79) WFLYDR0011: Couldn't list directory files for /Users/abhibhavrajsingh/IdeaProjects/CalorieCalculator/wildfly-35.0.1.Final/standalone/data/content
2025-02-12 12:59:10,091 INFO  [org.jboss.as.repository] (ServerService Thread Pool -- 1) WFLYDR0011: Couldn't list directory files for /Users/abhibhavrajsingh/IdeaProjects/CalorieCalculator/wildfly-35.0.1.Final/standalone/data/content
2025-02-12 13:04:10,105 INFO  [org.jboss.as.repository] (ServerService Thread Pool -- 1) WFLYDR0011: Couldn't list directory files for /Users/abhibhavrajsingh/IdeaProjects/CalorieCalculator/wildfly-35.0.1.Final/standalone/data/content
2025-02-12 13:09:10,123 INFO  [org.jboss.as.repository] (ServerService Thread Pool -- 79) WFLYDR0011: Couldn't list directory files for /Users/abhibhavrajsingh/IdeaProjects/CalorieCalculator/wildfly-35.0.1.Final/standalone/data/content
2025-02-12 13:14:10,141 INFO  [org.jboss.as.repository] (ServerService Thread Pool -- 80) WFLYDR0011: Couldn't list directory files for /Users/abhibhavrajsingh/IdeaProjects/CalorieCalculator/wildfly-35.0.1.Final/standalone/data/content
2025-02-12 13:19:10,160 INFO  [org.jboss.as.repository] (ServerService Thread Pool -- 1) WFLYDR0011: Couldn't list directory files for /Users/abhibhavrajsingh/IdeaProjects/CalorieCalculator/wildfly-35.0.1.Final/standalone/data/content
2025-02-12 13:24:10,181 INFO  [org.jboss.as.repository] (ServerService Thread Pool -- 80) WFLYDR0011: Couldn't list directory files for /Users/abhibhavrajsingh/IdeaProjects/CalorieCalculator/wildfly-35.0.1.Final/standalone/data/content
2025-02-12 13:29:10,202 INFO  [org.jboss.as.repository] (ServerService Thread Pool -- 80) WFLYDR0011: Couldn't list directory files for /Users/abhibhavrajsingh/IdeaProjects/CalorieCalculator/wildfly-35.0.1.Final/standalone/data/content
2025-02-12 13:34:10,216 INFO  [org.jboss.as.repository] (ServerService Thread Pool -- 41) WFLYDR0011: Couldn't list directory files for /Users/abhibhavrajsingh/IdeaProjects/CalorieCalculator/wildfly-35.0.1.Final/standalone/data/content
2025-02-12 13:39:10,226 INFO  [org.jboss.as.repository] (ServerService Thread Pool -- 79) WFLYDR0011: Couldn't list directory files for /Users/abhibhavrajsingh/IdeaProjects/CalorieCalculator/wildfly-35.0.1.Final/standalone/data/content
2025-02-12 13:44:10,244 INFO  [org.jboss.as.repository] (ServerService Thread Pool -- 1) WFLYDR0011: Couldn't list directory files for /Users/abhibhavrajsingh/IdeaProjects/CalorieCalculator/wildfly-35.0.1.Final/standalone/data/content
2025-02-12 13:49:10,258 INFO  [org.jboss.as.repository] (ServerService Thread Pool -- 79) WFLYDR0011: Couldn't list directory files for /Users/abhibhavrajsingh/IdeaProjects/CalorieCalculator/wildfly-35.0.1.Final/standalone/data/content
2025-02-12 13:54:10,279 INFO  [org.jboss.as.repository] (ServerService Thread Pool -- 79) WFLYDR0011: Couldn't list directory files for /Users/abhibhavrajsingh/IdeaProjects/CalorieCalculator/wildfly-35.0.1.Final/standalone/data/content
2025-02-12 13:59:10,292 INFO  [org.jboss.as.repository] (ServerService Thread Pool -- 41) WFLYDR0011: Couldn't list directory files for /Users/abhibhavrajsingh/IdeaProjects/CalorieCalculator/wildfly-35.0.1.Final/standalone/data/content
2025-02-12 14:04:10,313 INFO  [org.jboss.as.repository] (ServerService Thread Pool -- 80) WFLYDR0011: Couldn't list directory files for /Users/abhibhavrajsingh/IdeaProjects/CalorieCalculator/wildfly-35.0.1.Final/standalone/data/content
2025-02-12 14:09:10,333 INFO  [org.jboss.as.repository] (ServerService Thread Pool -- 1) WFLYDR0011: Couldn't list directory files for /Users/abhibhavrajsingh/IdeaProjects/CalorieCalculator/wildfly-35.0.1.Final/standalone/data/content
2025-02-12 14:14:10,350 INFO  [org.jboss.as.repository] (ServerService Thread Pool -- 79) WFLYDR0011: Couldn't list directory files for /Users/abhibhavrajsingh/IdeaProjects/CalorieCalculator/wildfly-35.0.1.Final/standalone/data/content
2025-02-12 14:19:10,379 INFO  [org.jboss.as.repository] (ServerService Thread Pool -- 1) WFLYDR0011: Couldn't list directory files for /Users/abhibhavrajsingh/IdeaProjects/CalorieCalculator/wildfly-35.0.1.Final/standalone/data/content
2025-02-12 14:24:10,395 INFO  [org.jboss.as.repository] (ServerService Thread Pool -- 41) WFLYDR0011: Couldn't list directory files for /Users/abhibhavrajsingh/IdeaProjects/CalorieCalculator/wildfly-35.0.1.Final/standalone/data/content
2025-02-12 14:29:10,422 INFO  [org.jboss.as.repository] (ServerService Thread Pool -- 41) WFLYDR0011: Couldn't list directory files for /Users/abhibhavrajsingh/IdeaProjects/CalorieCalculator/wildfly-35.0.1.Final/standalone/data/content
2025-02-12 14:34:10,446 INFO  [org.jboss.as.repository] (ServerService Thread Pool -- 41) WFLYDR0011: Couldn't list directory files for /Users/abhibhavrajsingh/IdeaProjects/CalorieCalculator/wildfly-35.0.1.Final/standalone/data/content
2025-02-12 14:39:10,464 INFO  [org.jboss.as.repository] (ServerService Thread Pool -- 41) WFLYDR0011: Couldn't list directory files for /Users/abhibhavrajsingh/IdeaProjects/CalorieCalculator/wildfly-35.0.1.Final/standalone/data/content
2025-02-12 14:44:10,495 INFO  [org.jboss.as.repository] (ServerService Thread Pool -- 80) WFLYDR0011: Couldn't list directory files for /Users/abhibhavrajsingh/IdeaProjects/CalorieCalculator/wildfly-35.0.1.Final/standalone/data/content
2025-02-12 14:49:10,513 INFO  [org.jboss.as.repository] (ServerService Thread Pool -- 80) WFLYDR0011: Couldn't list directory files for /Users/abhibhavrajsingh/IdeaProjects/CalorieCalculator/wildfly-35.0.1.Final/standalone/data/content
2025-02-12 14:54:10,530 INFO  [org.jboss.as.repository] (ServerService Thread Pool -- 1) WFLYDR0011: Couldn't list directory files for /Users/abhibhavrajsingh/IdeaProjects/CalorieCalculator/wildfly-35.0.1.Final/standalone/data/content
2025-02-12 14:59:10,543 INFO  [org.jboss.as.repository] (ServerService Thread Pool -- 80) WFLYDR0011: Couldn't list directory files for /Users/abhibhavrajsingh/IdeaProjects/CalorieCalculator/wildfly-35.0.1.Final/standalone/data/content
2025-02-12 15:04:10,565 INFO  [org.jboss.as.repository] (ServerService Thread Pool -- 1) WFLYDR0011: Couldn't list directory files for /Users/abhibhavrajsingh/IdeaProjects/CalorieCalculator/wildfly-35.0.1.Final/standalone/data/content
2025-02-12 15:09:10,579 INFO  [org.jboss.as.repository] (ServerService Thread Pool -- 41) WFLYDR0011: Couldn't list directory files for /Users/abhibhavrajsingh/IdeaProjects/CalorieCalculator/wildfly-35.0.1.Final/standalone/data/content
2025-02-12 15:14:10,600 INFO  [org.jboss.as.repository] (ServerService Thread Pool -- 79) WFLYDR0011: Couldn't list directory files for /Users/abhibhavrajsingh/IdeaProjects/CalorieCalculator/wildfly-35.0.1.Final/standalone/data/content
2025-02-12 15:19:10,616 INFO  [org.jboss.as.repository] (ServerService Thread Pool -- 80) WFLYDR0011: Couldn't list directory files for /Users/abhibhavrajsingh/IdeaProjects/CalorieCalculator/wildfly-35.0.1.Final/standalone/data/content
2025-02-12 15:24:10,636 INFO  [org.jboss.as.repository] (ServerService Thread Pool -- 79) WFLYDR0011: Couldn't list directory files for /Users/abhibhavrajsingh/IdeaProjects/CalorieCalculator/wildfly-35.0.1.Final/standalone/data/content
2025-02-12 15:29:10,655 INFO  [org.jboss.as.repository] (ServerService Thread Pool -- 80) WFLYDR0011: Couldn't list directory files for /Users/abhibhavrajsingh/IdeaProjects/CalorieCalculator/wildfly-35.0.1.Final/standalone/data/content
2025-02-12 15:30:39,699 INFO  [org.jboss.as.connector.deployers.jdbc] (MSC service thread 1-1) WFLYJCA0019: Stopped Driver service with driver-name = CalorieCalculator-1.0-SNAPSHOT.war_com.mysql.cj.jdbc.Driver_8_0
2025-02-12 15:30:39,719 INFO  [org.wildfly.extension.undertow] (ServerService Thread Pool -- 14) WFLYUT0022: Unregistered web context: '/CalorieCalculator-1.0-SNAPSHOT' from server 'default-server'
2025-02-12 15:30:39,815 INFO  [org.jboss.as.jpa] (ServerService Thread Pool -- 84) WFLYJPA0011: Stopping Persistence Unit (phase 2 of 2) Service 'CalorieCalculator-1.0-SNAPSHOT#default'
2025-02-12 15:30:39,848 INFO  [org.jboss.as.jpa] (ServerService Thread Pool -- 84) WFLYJPA0011: Stopping Persistence Unit (phase 1 of 2) Service 'CalorieCalculator-1.0-SNAPSHOT#default'
2025-02-12 15:30:39,880 INFO  [org.jboss.as.server.deployment] (MSC service thread 1-8) WFLYSRV0028: Stopped deployment CalorieCalculator-1.0-SNAPSHOT (runtime-name: CalorieCalculator-1.0-SNAPSHOT.war) in 222ms
2025-02-12 15:30:39,893 INFO  [org.jboss.as.clustering.infinispan] (ServerService Thread Pool -- 84) Stopped hibernate cache container
2025-02-12 15:30:39,943 ERROR [org.jboss.as.controller.management-operation] (management-handler-thread - 2) org.jboss.as.controller.persistence.ConfigurationPersistenceException: WFLYCTL0268: Failed to rename temp file /Users/abhibhavrajsingh/IdeaProjects/CalorieCalculator/wildfly-35.0.1.Final/standalone/tmp/standalone.xml.tmp to /Users/abhibhavrajsingh/IdeaProjects/CalorieCalculator/wildfly-35.0.1.Final/standalone/configuration/standalone.xml: org.jboss.as.controller.persistence.ConfigurationPersistenceException: WFLYCTL0268: Failed to rename temp file /Users/abhibhavrajsingh/IdeaProjects/CalorieCalculator/wildfly-35.0.1.Final/standalone/tmp/standalone.xml.tmp to /Users/abhibhavrajsingh/IdeaProjects/CalorieCalculator/wildfly-35.0.1.Final/standalone/configuration/standalone.xml
	at org.jboss.as.controller@27.0.1.Final//org.jboss.as.controller.persistence.FilePersistenceUtils.moveTempFileToMain(FilePersistenceUtils.java:95)
	at org.jboss.as.controller@27.0.1.Final//org.jboss.as.controller.persistence.ConfigurationFile.commitTempFile(ConfigurationFile.java:612)
	at org.jboss.as.controller@27.0.1.Final//org.jboss.as.controller.persistence.ConfigurationFilePersistenceResource.doCommit(ConfigurationFilePersistenceResource.java:56)
	at org.jboss.as.controller@27.0.1.Final//org.jboss.as.controller.persistence.AbstractFilePersistenceResource.commit(AbstractFilePersistenceResource.java:46)
	at org.jboss.as.controller@27.0.1.Final//org.jboss.as.controller.ModelControllerImpl$3.commit(ModelControllerImpl.java:774)
	at org.jboss.as.controller@27.0.1.Final//org.jboss.as.controller.AbstractOperationContext.executeDoneStage(AbstractOperationContext.java:890)
	at org.jboss.as.controller@27.0.1.Final//org.jboss.as.controller.AbstractOperationContext.processStages(AbstractOperationContext.java:804)
	at org.jboss.as.controller@27.0.1.Final//org.jboss.as.controller.AbstractOperationContext.executeOperation(AbstractOperationContext.java:469)
	at org.jboss.as.controller@27.0.1.Final//org.jboss.as.controller.OperationContextImpl.executeOperation(OperationContextImpl.java:1435)
	at org.jboss.as.controller@27.0.1.Final//org.jboss.as.controller.ModelControllerImpl.internalExecute(ModelControllerImpl.java:436)
	at org.jboss.as.controller@27.0.1.Final//org.jboss.as.controller.ModelControllerImpl.lambda$executeForResponse$0(ModelControllerImpl.java:246)
	at org.wildfly.security.elytron-base@2.6.0.Final//org.wildfly.security.auth.server.SecurityIdentity.runAs(SecurityIdentity.java:304)
	at org.wildfly.security.elytron-base@2.6.0.Final//org.wildfly.security.auth.server.SecurityIdentity.runAs(SecurityIdentity.java:270)
	at org.jboss.as.controller@27.0.1.Final//org.jboss.as.controller.ModelControllerImpl.executeForResponse(ModelControllerImpl.java:246)
	at org.jboss.as.controller@27.0.1.Final//org.jboss.as.controller.ModelControllerImpl.executeOperation(ModelControllerImpl.java:240)
	at org.jboss.as.controller@27.0.1.Final//org.jboss.as.controller.ModelControllerImpl.execute(ModelControllerImpl.java:223)
	at org.jboss.as.controller@27.0.1.Final//org.jboss.as.controller.remote.ModelControllerClientOperationHandler$ExecuteRequestHandler.doExecute(ModelControllerClientOperationHandler.java:228)
	at org.jboss.as.controller@27.0.1.Final//org.jboss.as.controller.remote.ModelControllerClientOperationHandler$ExecuteRequestHandler$1$1.run(ModelControllerClientOperationHandler.java:150)
	at org.jboss.as.controller@27.0.1.Final//org.jboss.as.controller.remote.ModelControllerClientOperationHandler$ExecuteRequestHandler$1$1.run(ModelControllerClientOperationHandler.java:146)
	at org.wildfly.security.elytron-base@2.6.0.Final//org.wildfly.security.auth.server.SecurityIdentity.runAs(SecurityIdentity.java:328)
	at org.wildfly.security.elytron-base@2.6.0.Final//org.wildfly.security.auth.server.SecurityIdentity.runAs(SecurityIdentity.java:285)
	at org.jboss.as.controller@27.0.1.Final//org.jboss.as.controller.AccessAuditContext.doAs(AccessAuditContext.java:237)
	at org.jboss.as.controller@27.0.1.Final//org.jboss.as.controller.AccessAuditContext.doAs(AccessAuditContext.java:208)
	at org.jboss.as.controller@27.0.1.Final//org.jboss.as.controller.remote.ModelControllerClientOperationHandler$ExecuteRequestHandler$1.execute(ModelControllerClientOperationHandler.java:146)
	at org.jboss.as.protocol@27.0.1.Final//org.jboss.as.protocol.mgmt.ManagementRequestContextImpl$1.doExecute(ManagementRequestContextImpl.java:59)
	at org.jboss.as.protocol@27.0.1.Final//org.jboss.as.protocol.mgmt.ManagementRequestContextImpl$AsyncTaskRunner.run(ManagementRequestContextImpl.java:149)
	at org.jboss.threads@2.4.0.Final//org.jboss.threads.ContextClassLoaderSavingRunnable.run(ContextClassLoaderSavingRunnable.java:35)
	at org.jboss.threads@2.4.0.Final//org.jboss.threads.EnhancedQueueExecutor.safeRun(EnhancedQueueExecutor.java:1990)
	at org.jboss.threads@2.4.0.Final//org.jboss.threads.EnhancedQueueExecutor$ThreadBody.doRunTask(EnhancedQueueExecutor.java:1486)
	at org.jboss.threads@2.4.0.Final//org.jboss.threads.EnhancedQueueExecutor$ThreadBody.run(EnhancedQueueExecutor.java:1377)
	at java.base/java.lang.Thread.run(Thread.java:1575)
	at org.jboss.threads@2.4.0.Final//org.jboss.threads.JBossThread.run(JBossThread.java:513)
Caused by: java.nio.file.NoSuchFileException: /Users/abhibhavrajsingh/IdeaProjects/CalorieCalculator/wildfly-35.0.1.Final/standalone/tmp/standalone.xml.tmp -> /Users/abhibhavrajsingh/IdeaProjects/CalorieCalculator/wildfly-35.0.1.Final/standalone/configuration/standalone.xml
	at java.base/sun.nio.fs.UnixException.translateToIOException(UnixException.java:92)
	at java.base/sun.nio.fs.UnixException.rethrowAsIOException(UnixException.java:106)
	at java.base/sun.nio.fs.UnixFileSystem.move(UnixFileSystem.java:943)
	at java.base/sun.nio.fs.UnixFileSystemProvider.move(UnixFileSystemProvider.java:310)
	at java.base/java.nio.file.Files.move(Files.java:1437)
	at org.jboss.as.controller@27.0.1.Final//org.jboss.as.controller.persistence.FilePersistenceUtils.moveTempFileToMain(FilePersistenceUtils.java:93)
	... 31 more

2025-02-12 15:30:39,945 INFO  [org.jboss.as.server] (management-handler-thread - 2) WFLYSRV0009: Undeployed "CalorieCalculator-1.0-SNAPSHOT" (runtime-name: "CalorieCalculator-1.0-SNAPSHOT.war")
2025-02-12 15:30:39,977 ERROR [org.jboss.as.controller.management-operation] (management-handler-thread - 2) org.jboss.as.controller.persistence.ConfigurationPersistenceException: WFLYCTL0268: Failed to rename temp file /Users/abhibhavrajsingh/IdeaProjects/CalorieCalculator/wildfly-35.0.1.Final/standalone/tmp/standalone.xml.tmp to /Users/abhibhavrajsingh/IdeaProjects/CalorieCalculator/wildfly-35.0.1.Final/standalone/configuration/standalone.xml: org.jboss.as.controller.persistence.ConfigurationPersistenceException: WFLYCTL0268: Failed to rename temp file /Users/abhibhavrajsingh/IdeaProjects/CalorieCalculator/wildfly-35.0.1.Final/standalone/tmp/standalone.xml.tmp to /Users/abhibhavrajsingh/IdeaProjects/CalorieCalculator/wildfly-35.0.1.Final/standalone/configuration/standalone.xml
	at org.jboss.as.controller@27.0.1.Final//org.jboss.as.controller.persistence.FilePersistenceUtils.moveTempFileToMain(FilePersistenceUtils.java:95)
	at org.jboss.as.controller@27.0.1.Final//org.jboss.as.controller.persistence.ConfigurationFile.commitTempFile(ConfigurationFile.java:612)
	at org.jboss.as.controller@27.0.1.Final//org.jboss.as.controller.persistence.ConfigurationFilePersistenceResource.doCommit(ConfigurationFilePersistenceResource.java:56)
	at org.jboss.as.controller@27.0.1.Final//org.jboss.as.controller.persistence.AbstractFilePersistenceResource.commit(AbstractFilePersistenceResource.java:46)
	at org.jboss.as.controller@27.0.1.Final//org.jboss.as.controller.ModelControllerImpl$3.commit(ModelControllerImpl.java:774)
	at org.jboss.as.controller@27.0.1.Final//org.jboss.as.controller.AbstractOperationContext.executeDoneStage(AbstractOperationContext.java:890)
	at org.jboss.as.controller@27.0.1.Final//org.jboss.as.controller.AbstractOperationContext.processStages(AbstractOperationContext.java:804)
	at org.jboss.as.controller@27.0.1.Final//org.jboss.as.controller.AbstractOperationContext.executeOperation(AbstractOperationContext.java:469)
	at org.jboss.as.controller@27.0.1.Final//org.jboss.as.controller.OperationContextImpl.executeOperation(OperationContextImpl.java:1435)
	at org.jboss.as.controller@27.0.1.Final//org.jboss.as.controller.ModelControllerImpl.internalExecute(ModelControllerImpl.java:436)
	at org.jboss.as.controller@27.0.1.Final//org.jboss.as.controller.ModelControllerImpl.lambda$executeForResponse$0(ModelControllerImpl.java:246)
	at org.wildfly.security.elytron-base@2.6.0.Final//org.wildfly.security.auth.server.SecurityIdentity.runAs(SecurityIdentity.java:304)
	at org.wildfly.security.elytron-base@2.6.0.Final//org.wildfly.security.auth.server.SecurityIdentity.runAs(SecurityIdentity.java:270)
	at org.jboss.as.controller@27.0.1.Final//org.jboss.as.controller.ModelControllerImpl.executeForResponse(ModelControllerImpl.java:246)
	at org.jboss.as.controller@27.0.1.Final//org.jboss.as.controller.ModelControllerImpl.executeOperation(ModelControllerImpl.java:240)
	at org.jboss.as.controller@27.0.1.Final//org.jboss.as.controller.ModelControllerImpl.execute(ModelControllerImpl.java:223)
	at org.jboss.as.controller@27.0.1.Final//org.jboss.as.controller.remote.ModelControllerClientOperationHandler$ExecuteRequestHandler.doExecute(ModelControllerClientOperationHandler.java:228)
	at org.jboss.as.controller@27.0.1.Final//org.jboss.as.controller.remote.ModelControllerClientOperationHandler$ExecuteRequestHandler$1$1.run(ModelControllerClientOperationHandler.java:150)
	at org.jboss.as.controller@27.0.1.Final//org.jboss.as.controller.remote.ModelControllerClientOperationHandler$ExecuteRequestHandler$1$1.run(ModelControllerClientOperationHandler.java:146)
	at org.wildfly.security.elytron-base@2.6.0.Final//org.wildfly.security.auth.server.SecurityIdentity.runAs(SecurityIdentity.java:328)
	at org.wildfly.security.elytron-base@2.6.0.Final//org.wildfly.security.auth.server.SecurityIdentity.runAs(SecurityIdentity.java:285)
	at org.jboss.as.controller@27.0.1.Final//org.jboss.as.controller.AccessAuditContext.doAs(AccessAuditContext.java:237)
	at org.jboss.as.controller@27.0.1.Final//org.jboss.as.controller.AccessAuditContext.doAs(AccessAuditContext.java:208)
	at org.jboss.as.controller@27.0.1.Final//org.jboss.as.controller.remote.ModelControllerClientOperationHandler$ExecuteRequestHandler$1.execute(ModelControllerClientOperationHandler.java:146)
	at org.jboss.as.protocol@27.0.1.Final//org.jboss.as.protocol.mgmt.ManagementRequestContextImpl$1.doExecute(ManagementRequestContextImpl.java:59)
	at org.jboss.as.protocol@27.0.1.Final//org.jboss.as.protocol.mgmt.ManagementRequestContextImpl$AsyncTaskRunner.run(ManagementRequestContextImpl.java:149)
	at org.jboss.threads@2.4.0.Final//org.jboss.threads.ContextClassLoaderSavingRunnable.run(ContextClassLoaderSavingRunnable.java:35)
	at org.jboss.threads@2.4.0.Final//org.jboss.threads.EnhancedQueueExecutor.safeRun(EnhancedQueueExecutor.java:1990)
	at org.jboss.threads@2.4.0.Final//org.jboss.threads.EnhancedQueueExecutor$ThreadBody.doRunTask(EnhancedQueueExecutor.java:1486)
	at org.jboss.threads@2.4.0.Final//org.jboss.threads.EnhancedQueueExecutor$ThreadBody.run(EnhancedQueueExecutor.java:1377)
	at java.base/java.lang.Thread.run(Thread.java:1575)
	at org.jboss.threads@2.4.0.Final//org.jboss.threads.JBossThread.run(JBossThread.java:513)
Caused by: java.nio.file.NoSuchFileException: /Users/abhibhavrajsingh/IdeaProjects/CalorieCalculator/wildfly-35.0.1.Final/standalone/tmp/standalone.xml.tmp -> /Users/abhibhavrajsingh/IdeaProjects/CalorieCalculator/wildfly-35.0.1.Final/standalone/configuration/standalone.xml
	at java.base/sun.nio.fs.UnixException.translateToIOException(UnixException.java:92)
	at java.base/sun.nio.fs.UnixException.rethrowAsIOException(UnixException.java:106)
	at java.base/sun.nio.fs.UnixFileSystem.move(UnixFileSystem.java:943)
	at java.base/sun.nio.fs.UnixFileSystemProvider.move(UnixFileSystemProvider.java:310)
	at java.base/java.nio.file.Files.move(Files.java:1437)
	at org.jboss.as.controller@27.0.1.Final//org.jboss.as.controller.persistence.FilePersistenceUtils.moveTempFileToMain(FilePersistenceUtils.java:93)
	... 31 more

2025-02-12 15:30:40,048 INFO  [org.jboss.as.server] (management-handler-thread - 2) WFLYSRV0272: Suspending server
2025-02-12 15:30:40,053 INFO  [org.jboss.as.ejb3] (management-handler-thread - 2) WFLYEJB0493: Jakarta Enterprise Beans subsystem suspension complete
2025-02-12 15:30:40,056 INFO  [org.jboss.as.server] (Management Triggered Shutdown) WFLYSRV0241: Shutting down in response to management operation 'shutdown'
2025-02-12 15:30:40,065 INFO  [org.wildfly.extension.undertow] (MSC service thread 1-7) WFLYUT0019: Host default-host stopping
2025-02-12 15:30:40,065 INFO  [org.jboss.as.mail.extension] (MSC service thread 1-6) WFLYMAIL0002: Unbound mail session [java:jboss/mail/Default]
2025-02-12 15:30:40,065 INFO  [org.jboss.as.connector.subsystems.datasources] (MSC service thread 1-6) WFLYJCA0010: Unbound data source [java:jboss/datasources/ExampleDS]
2025-02-12 15:30:40,069 INFO  [org.wildfly.extension.undertow] (MSC service thread 1-1) WFLYUT0008: Undertow HTTPS listener https suspending
2025-02-12 15:30:40,069 INFO  [org.wildfly.extension.undertow] (MSC service thread 1-1) WFLYUT0007: Undertow HTTPS listener https stopped, was bound to 127.0.0.1:8443
2025-02-12 15:30:40,069 INFO  [org.wildfly.extension.undertow] (MSC service thread 1-5) WFLYUT0008: Undertow HTTP listener default suspending
2025-02-12 15:30:40,070 INFO  [org.wildfly.extension.undertow] (MSC service thread 1-5) WFLYUT0007: Undertow HTTP listener default stopped, was bound to 127.0.0.1:8080
2025-02-12 15:30:40,070 INFO  [org.wildfly.extension.undertow] (MSC service thread 1-3) WFLYUT0004: Undertow 2.3.18.Final stopping
2025-02-12 15:30:40,073 INFO  [org.jboss.as.connector.deployers.jdbc] (MSC service thread 1-8) WFLYJCA0019: Stopped Driver service with driver-name = h2
2025-02-12 15:30:40,081 INFO  [org.jboss.as] (MSC service thread 1-8) WFLYSRV0050: WildFly 35.0.1.Final (WildFly Core 27.0.1.Final) stopped in 20ms
